0 verbose cli /usr/bin/node /usr/bin/npm
1 info using npm@10.8.2
2 info using node@v20.20.2
3 silly config load:file:/usr/lib/node_modules/npm/npmrc
4 silly config load:file:/home/ubuntu/.npmrc
5 silly config load:file:/usr/etc/npmrc
6 verbose title npm install tsup typescript
7 verbose argv "install" "--save-dev" "tsup" "typescript" "--workspace" "packages/shared"
8 verbose logfile logs-max:10 dir:/home/ubuntu/.npm/_logs/2026-06-11T04_33_33_655Z-
9 verbose logfile /home/ubuntu/.npm/_logs/2026-06-11T04_33_33_655Z-debug-0.log
10 silly logfile done cleaning log files
11 silly packumentCache heap:4345298944 maxSize:1086324736 maxEntrySize:543162368
12 warn workspaces @esggo/shared in filter set, but no workspace folder present
13 silly idealTree buildDeps
14 silly placeDep ROOT @esggo/shared@1.0.0 OK for: esggo-monorepo@1.0.0 want: file:/home/ubuntu/packages/shared
15 silly fetch manifest tsup@^8.0.2
16 silly packumentCache full:https://registry.npmjs.org/tsup cache-miss
17 http fetch GET 200 https://registry.npmjs.org/tsup 155ms (cache miss)
18 silly packumentCache full:https://registry.npmjs.org/tsup set size:undefined disposed:false
19 silly fetch manifest @microsoft/api-extractor@^7.36.0
20 silly packumentCache full:https://registry.npmjs.org/@microsoft%2fapi-extractor cache-miss
21 http fetch GET 200 https://registry.npmjs.org/@microsoft%2fapi-extractor 121ms (cache miss)
22 silly packumentCache full:https://registry.npmjs.org/@microsoft%2fapi-extractor set size:undefined disposed:false
23 silly fetch manifest @swc/core@^1
24 silly packumentCache full:https://registry.npmjs.org/@swc%2fcore cache-miss
25 http fetch GET 200 https://registry.npmjs.org/@swc%2fcore 172ms (cache miss)
26 silly packumentCache full:https://registry.npmjs.org/@swc%2fcore set size:undefined disposed:false
27 silly fetch manifest @swc/helpers@>=0.5.17
28 silly packumentCache full:https://registry.npmjs.org/@swc%2fhelpers cache-miss
29 http fetch GET 200 https://registry.npmjs.org/@swc%2fhelpers 80ms (cache miss)
30 silly packumentCache full:https://registry.npmjs.org/@swc%2fhelpers set size:undefined disposed:false
31 silly fetch manifest postcss@^8.4.12
32 silly packumentCache full:https://registry.npmjs.org/postcss cache-miss
33 http fetch GET 200 https://registry.npmjs.org/postcss 47ms (cache miss)
34 silly packumentCache full:https://registry.npmjs.org/postcss set size:undefined disposed:false
35 silly fetch manifest typescript@^5.4.5
36 silly packumentCache full:https://registry.npmjs.org/typescript cache-miss
37 http fetch GET 200 https://registry.npmjs.org/typescript 301ms (cache miss)
38 silly packumentCache full:https://registry.npmjs.org/typescript set size:undefined disposed:false
39 silly placeDep ROOT tsup@8.5.1 OK for: @esggo/shared@1.0.0 want: ^8.0.2
40 silly placeDep ROOT typescript@5.9.3 OK for: @esggo/shared@1.0.0 want: ^5.4.5
41 silly fetch manifest bundle-require@^5.1.0
42 silly packumentCache full:https://registry.npmjs.org/bundle-require cache-miss
43 silly fetch manifest cac@^6.7.14
44 silly packumentCache full:https://registry.npmjs.org/cac cache-miss
45 silly fetch manifest chokidar@^4.0.3
46 silly packumentCache full:https://registry.npmjs.org/chokidar cache-miss
47 http fetch GET 200 https://registry.npmjs.org/bundle-require 34ms (cache miss)
48 silly packumentCache full:https://registry.npmjs.org/bundle-require set size:undefined disposed:false
49 silly fetch manifest consola@^3.4.0
50 silly packumentCache full:https://registry.npmjs.org/consola cache-miss
51 http fetch GET 200 https://registry.npmjs.org/chokidar 67ms (cache miss)
52 silly packumentCache full:https://registry.npmjs.org/chokidar set size:undefined disposed:false
53 silly fetch manifest debug@^4.4.0
54 silly packumentCache full:https://registry.npmjs.org/debug cache-miss
55 http fetch GET 200 https://registry.npmjs.org/cac 85ms (cache miss)
56 silly packumentCache full:https://registry.npmjs.org/cac set size:undefined disposed:false
57 silly fetch manifest esbuild@^0.27.0
58 silly packumentCache full:https://registry.npmjs.org/esbuild cache-miss
59 http fetch GET 200 https://registry.npmjs.org/debug 26ms (cache hit)
60 silly packumentCache full:https://registry.npmjs.org/debug set size:195840 disposed:false
61 silly fetch manifest fix-dts-default-cjs-exports@^1.0.0
62 silly packumentCache full:https://registry.npmjs.org/fix-dts-default-cjs-exports cache-miss
63 http fetch GET 200 https://registry.npmjs.org/consola 72ms (cache miss)
64 silly packumentCache full:https://registry.npmjs.org/consola set size:undefined disposed:false
65 silly fetch manifest joycon@^3.1.1
66 silly packumentCache full:https://registry.npmjs.org/joycon cache-miss
67 http fetch GET 200 https://registry.npmjs.org/fix-dts-default-cjs-exports 43ms (cache miss)
68 silly packumentCache full:https://registry.npmjs.org/fix-dts-default-cjs-exports set size:undefined disposed:false
69 silly fetch manifest picocolors@^1.1.1
70 silly packumentCache full:https://registry.npmjs.org/picocolors cache-miss
71 http fetch GET 200 https://registry.npmjs.org/joycon 37ms (cache miss)
72 silly packumentCache full:https://registry.npmjs.org/joycon set size:undefined disposed:false
73 silly fetch manifest postcss-load-config@^6.0.1
74 silly packumentCache full:https://registry.npmjs.org/postcss-load-config cache-miss
75 http fetch GET 200 https://registry.npmjs.org/picocolors 34ms (cache miss)
76 silly packumentCache full:https://registry.npmjs.org/picocolors set size:undefined disposed:false
77 silly fetch manifest resolve-from@^5.0.0
78 silly packumentCache full:https://registry.npmjs.org/resolve-from cache-miss
79 http fetch GET 200 https://registry.npmjs.org/postcss-load-config 34ms (cache miss)
80 silly packumentCache full:https://registry.npmjs.org/postcss-load-config set size:undefined disposed:false
81 silly fetch manifest rollup@^4.34.8
82 silly packumentCache full:https://registry.npmjs.org/rollup cache-miss
83 http fetch GET 200 https://registry.npmjs.org/esbuild 106ms (cache miss)
84 silly packumentCache full:https://registry.npmjs.org/esbuild set size:undefined disposed:false
85 silly fetch manifest source-map@^0.7.6
86 silly packumentCache full:https://registry.npmjs.org/source-map cache-miss
87 http fetch GET 200 https://registry.npmjs.org/resolve-from 30ms (cache miss)
88 silly packumentCache full:https://registry.npmjs.org/resolve-from set size:undefined disposed:false
89 silly fetch manifest sucrase@^3.35.0
90 silly packumentCache full:https://registry.npmjs.org/sucrase cache-miss
91 http fetch GET 200 https://registry.npmjs.org/source-map 55ms (cache miss)
92 silly packumentCache full:https://registry.npmjs.org/source-map set size:undefined disposed:false
93 silly fetch manifest tinyexec@^0.3.2
94 silly packumentCache full:https://registry.npmjs.org/tinyexec cache-miss
95 http fetch GET 200 https://registry.npmjs.org/sucrase 56ms (cache miss)
96 silly packumentCache full:https://registry.npmjs.org/sucrase set size:undefined disposed:false
97 silly fetch manifest tinyglobby@^0.2.11
98 silly packumentCache full:https://registry.npmjs.org/tinyglobby cache-miss
99 http fetch GET 200 https://registry.npmjs.org/tinyexec 28ms (cache miss)
100 silly packumentCache full:https://registry.npmjs.org/tinyexec set size:undefined disposed:false
101 silly fetch manifest tree-kill@^1.2.2
102 silly packumentCache full:https://registry.npmjs.org/tree-kill cache-miss
103 http fetch GET 200 https://registry.npmjs.org/tinyglobby 33ms (cache miss)
104 silly packumentCache full:https://registry.npmjs.org/tinyglobby set size:undefined disposed:false
105 http fetch GET 200 https://registry.npmjs.org/tree-kill 39ms (cache miss)
106 silly packumentCache full:https://registry.npmjs.org/tree-kill set size:undefined disposed:false
107 http fetch GET 200 https://registry.npmjs.org/rollup 159ms (cache miss)
108 silly packumentCache full:https://registry.npmjs.org/rollup set size:undefined disposed:false
109 silly fetch manifest jiti@>=1.21.0
110 silly packumentCache full:https://registry.npmjs.org/jiti cache-miss
111 http fetch GET 200 https://registry.npmjs.org/jiti 105ms (cache miss)
112 silly packumentCache full:https://registry.npmjs.org/jiti set size:undefined disposed:false
113 silly fetch manifest tsx@^4.8.1
114 silly packumentCache full:https://registry.npmjs.org/tsx cache-miss
115 http fetch GET 200 https://registry.npmjs.org/tsx 38ms (cache miss)
116 silly packumentCache full:https://registry.npmjs.org/tsx set size:undefined disposed:false
117 silly fetch manifest yaml@^2.4.2
118 silly packumentCache full:https://registry.npmjs.org/yaml cache-miss
119 http fetch GET 200 https://registry.npmjs.org/yaml 35ms (cache miss)
120 silly packumentCache full:https://registry.npmjs.org/yaml set size:undefined disposed:false
121 silly placeDep ROOT bundle-require@5.1.0 OK for: tsup@8.5.1 want: ^5.1.0
122 silly placeDep ROOT esbuild@0.27.7 OK for: bundle-require@5.1.0 want: >=0.18
123 silly placeDep ROOT cac@6.7.14 OK for: tsup@8.5.1 want: ^6.7.14
124 silly placeDep ROOT chokidar@4.0.3 OK for: tsup@8.5.1 want: ^4.0.3
125 silly placeDep ROOT consola@3.4.2 OK for: tsup@8.5.1 want: ^3.4.0
126 silly placeDep node_modules/tsup debug@4.4.3 OK for: tsup@8.5.1 want: ^4.4.0
127 silly placeDep ROOT fix-dts-default-cjs-exports@1.0.1 OK for: tsup@8.5.1 want: ^1.0.0
128 silly placeDep ROOT joycon@3.1.1 OK for: tsup@8.5.1 want: ^3.1.1
129 silly placeDep ROOT picocolors@1.1.1 OK for: tsup@8.5.1 want: ^1.1.1
130 silly placeDep ROOT postcss-load-config@6.0.1 OK for: tsup@8.5.1 want: ^6.0.1
131 silly placeDep ROOT resolve-from@5.0.0 OK for: tsup@8.5.1 want: ^5.0.0
132 silly placeDep ROOT rollup@4.61.1 OK for: tsup@8.5.1 want: ^4.34.8
133 silly placeDep ROOT source-map@0.7.6 OK for: tsup@8.5.1 want: ^0.7.6
134 silly placeDep ROOT sucrase@3.35.1 OK for: tsup@8.5.1 want: ^3.35.0
135 silly placeDep ROOT tinyexec@0.3.2 OK for: tsup@8.5.1 want: ^0.3.2
136 silly placeDep ROOT tinyglobby@0.2.17 OK for: tsup@8.5.1 want: ^0.2.11
137 silly placeDep ROOT tree-kill@1.2.2 OK for: tsup@8.5.1 want: ^1.2.2
138 silly fetch manifest load-tsconfig@^0.2.3
139 silly packumentCache full:https://registry.npmjs.org/load-tsconfig cache-miss
140 silly fetch manifest @esbuild/aix-ppc64@0.27.7
141 silly packumentCache full:https://registry.npmjs.org/@esbuild%2faix-ppc64 cache-miss
142 silly fetch manifest @esbuild/linux-arm@0.27.7
143 silly packumentCache full:https://registry.npmjs.org/@esbuild%2flinux-arm cache-miss
144 http fetch GET 200 https://registry.npmjs.org/load-tsconfig 36ms (cache miss)
145 silly packumentCache full:https://registry.npmjs.org/load-tsconfig set size:undefined disposed:false
146 silly fetch manifest @esbuild/linux-x64@0.27.7
147 silly packumentCache full:https://registry.npmjs.org/@esbuild%2flinux-x64 cache-miss
148 http fetch GET 200 https://registry.npmjs.org/@esbuild%2faix-ppc64 43ms (cache miss)
149 silly packumentCache full:https://registry.npmjs.org/@esbuild%2faix-ppc64 set size:undefined disposed:false
150 silly fetch manifest @esbuild/sunos-x64@0.27.7
151 silly packumentCache full:https://registry.npmjs.org/@esbuild%2fsunos-x64 cache-miss
152 http fetch GET 200 https://registry.npmjs.org/@esbuild%2flinux-arm 51ms (cache miss)
153 silly packumentCache full:https://registry.npmjs.org/@esbuild%2flinux-arm set size:undefined disposed:false
154 silly fetch manifest @esbuild/win32-x64@0.27.7
155 silly packumentCache full:https://registry.npmjs.org/@esbuild%2fwin32-x64 cache-miss
156 http fetch GET 200 https://registry.npmjs.org/@esbuild%2flinux-x64 54ms (cache miss)
157 silly packumentCache full:https://registry.npmjs.org/@esbuild%2flinux-x64 set size:undefined disposed:false
158 silly fetch manifest @esbuild/darwin-x64@0.27.7
159 silly packumentCache full:https://registry.npmjs.org/@esbuild%2fdarwin-x64 cache-miss
160 http fetch GET 200 https://registry.npmjs.org/@esbuild%2fsunos-x64 54ms (cache miss)
161 silly packumentCache full:https://registry.npmjs.org/@esbuild%2fsunos-x64 set size:undefined disposed:false
162 silly fetch manifest @esbuild/linux-ia32@0.27.7
163 silly packumentCache full:https://registry.npmjs.org/@esbuild%2flinux-ia32 cache-miss
164 http fetch GET 200 https://registry.npmjs.org/@esbuild%2fwin32-x64 68ms (cache miss)
165 silly packumentCache full:https://registry.npmjs.org/@esbuild%2fwin32-x64 set size:undefined disposed:false
166 silly fetch manifest @esbuild/netbsd-x64@0.27.7
167 silly packumentCache full:https://registry.npmjs.org/@esbuild%2fnetbsd-x64 cache-miss
168 http fetch GET 200 https://registry.npmjs.org/@esbuild%2fdarwin-x64 52ms (cache miss)
169 silly packumentCache full:https://registry.npmjs.org/@esbuild%2fdarwin-x64 set size:undefined disposed:false
170 silly fetch manifest @esbuild/win32-ia32@0.27.7
171 silly packumentCache full:https://registry.npmjs.org/@esbuild%2fwin32-ia32 cache-miss
172 http fetch GET 200 https://registry.npmjs.org/@esbuild%2flinux-ia32 58ms (cache miss)
173 silly packumentCache full:https://registry.npmjs.org/@esbuild%2flinux-ia32 set size:undefined disposed:false
174 silly fetch manifest @esbuild/android-arm@0.27.7
175 silly packumentCache full:https://registry.npmjs.org/@esbuild%2fandroid-arm cache-miss
176 http fetch GET 200 https://registry.npmjs.org/@esbuild%2fwin32-ia32 51ms (cache miss)
177 silly packumentCache full:https://registry.npmjs.org/@esbuild%2fwin32-ia32 set size:undefined disposed:false
178 silly fetch manifest @esbuild/android-x64@0.27.7
179 silly packumentCache full:https://registry.npmjs.org/@esbuild%2fandroid-x64 cache-miss
180 http fetch GET 200 https://registry.npmjs.org/@esbuild%2fnetbsd-x64 79ms (cache miss)
181 silly packumentCache full:https://registry.npmjs.org/@esbuild%2fnetbsd-x64 set size:undefined disposed:false
182 silly fetch manifest @esbuild/freebsd-x64@0.27.7
183 silly packumentCache full:https://registry.npmjs.org/@esbuild%2ffreebsd-x64 cache-miss
184 http fetch GET 200 https://registry.npmjs.org/@esbuild%2fandroid-arm 51ms (cache miss)
185 silly packumentCache full:https://registry.npmjs.org/@esbuild%2fandroid-arm set size:undefined disposed:false
186 silly fetch manifest @esbuild/linux-arm64@0.27.7
187 silly packumentCache full:https://registry.npmjs.org/@esbuild%2flinux-arm64 cache-miss
188 http fetch GET 200 https://registry.npmjs.org/@esbuild%2fandroid-x64 59ms (cache miss)
189 silly packumentCache full:https://registry.npmjs.org/@esbuild%2fandroid-x64 set size:undefined disposed:false
190 silly fetch manifest @esbuild/linux-ppc64@0.27.7
191 silly packumentCache full:https://registry.npmjs.org/@esbuild%2flinux-ppc64 cache-miss
192 http fetch GET 200 https://registry.npmjs.org/@esbuild%2ffreebsd-x64 57ms (cache miss)
193 silly packumentCache full:https://registry.npmjs.org/@esbuild%2ffreebsd-x64 set size:undefined disposed:false
194 silly fetch manifest @esbuild/linux-s390x@0.27.7
195 silly packumentCache full:https://registry.npmjs.org/@esbuild%2flinux-s390x cache-miss
196 http fetch GET 200 https://registry.npmjs.org/@esbuild%2flinux-arm64 56ms (cache miss)
197 silly packumentCache full:https://registry.npmjs.org/@esbuild%2flinux-arm64 set size:undefined disposed:false
198 silly fetch manifest @esbuild/openbsd-x64@0.27.7
199 silly packumentCache full:https://registry.npmjs.org/@esbuild%2fopenbsd-x64 cache-miss
200 http fetch GET 200 https://registry.npmjs.org/@esbuild%2flinux-ppc64 53ms (cache miss)
201 silly packumentCache full:https://registry.npmjs.org/@esbuild%2flinux-ppc64 set size:undefined disposed:false
202 silly fetch manifest @esbuild/win32-arm64@0.27.7
203 silly packumentCache full:https://registry.npmjs.org/@esbuild%2fwin32-arm64 cache-miss
204 http fetch GET 200 https://registry.npmjs.org/@esbuild%2flinux-s390x 58ms (cache miss)
205 silly packumentCache full:https://registry.npmjs.org/@esbuild%2flinux-s390x set size:undefined disposed:false
206 silly fetch manifest @esbuild/darwin-arm64@0.27.7
207 silly packumentCache full:https://registry.npmjs.org/@esbuild%2fdarwin-arm64 cache-miss
208 http fetch GET 200 https://registry.npmjs.org/@esbuild%2fopenbsd-x64 55ms (cache miss)
209 silly packumentCache full:https://registry.npmjs.org/@esbuild%2fopenbsd-x64 set size:undefined disposed:false
210 silly fetch manifest @esbuild/netbsd-arm64@0.27.7
211 silly packumentCache full:https://registry.npmjs.org/@esbuild%2fnetbsd-arm64 cache-miss
212 http fetch GET 200 https://registry.npmjs.org/@esbuild%2fwin32-arm64 45ms (cache miss)
213 silly packumentCache full:https://registry.npmjs.org/@esbuild%2fwin32-arm64 set size:undefined disposed:false
214 silly fetch manifest @esbuild/android-arm64@0.27.7
215 silly packumentCache full:https://registry.npmjs.org/@esbuild%2fandroid-arm64 cache-miss
216 http fetch GET 200 https://registry.npmjs.org/@esbuild%2fnetbsd-arm64 47ms (cache miss)
217 silly packumentCache full:https://registry.npmjs.org/@esbuild%2fnetbsd-arm64 set size:undefined disposed:false
218 silly fetch manifest @esbuild/freebsd-arm64@0.27.7
219 silly packumentCache full:https://registry.npmjs.org/@esbuild%2ffreebsd-arm64 cache-miss
220 http fetch GET 200 https://registry.npmjs.org/@esbuild%2fdarwin-arm64 59ms (cache miss)
221 silly packumentCache full:https://registry.npmjs.org/@esbuild%2fdarwin-arm64 set size:undefined disposed:false
222 silly fetch manifest @esbuild/linux-loong64@0.27.7
223 silly packumentCache full:https://registry.npmjs.org/@esbuild%2flinux-loong64 cache-miss
224 http fetch GET 200 https://registry.npmjs.org/@esbuild%2fandroid-arm64 47ms (cache miss)
225 silly packumentCache full:https://registry.npmjs.org/@esbuild%2fandroid-arm64 set size:undefined disposed:false
226 silly fetch manifest @esbuild/linux-riscv64@0.27.7
227 silly packumentCache full:https://registry.npmjs.org/@esbuild%2flinux-riscv64 cache-miss
228 http fetch GET 200 https://registry.npmjs.org/@esbuild%2ffreebsd-arm64 50ms (cache miss)
229 silly packumentCache full:https://registry.npmjs.org/@esbuild%2ffreebsd-arm64 set size:undefined disposed:false
230 silly fetch manifest @esbuild/openbsd-arm64@0.27.7
231 silly packumentCache full:https://registry.npmjs.org/@esbuild%2fopenbsd-arm64 cache-miss
232 http fetch GET 200 https://registry.npmjs.org/@esbuild%2flinux-loong64 58ms (cache miss)
233 silly packumentCache full:https://registry.npmjs.org/@esbuild%2flinux-loong64 set size:undefined disposed:false
234 silly fetch manifest @esbuild/linux-mips64el@0.27.7
235 silly packumentCache full:https://registry.npmjs.org/@esbuild%2flinux-mips64el cache-miss
236 http fetch GET 200 https://registry.npmjs.org/@esbuild%2flinux-riscv64 46ms (cache miss)
237 silly packumentCache full:https://registry.npmjs.org/@esbuild%2flinux-riscv64 set size:undefined disposed:false
238 silly fetch manifest @esbuild/openharmony-arm64@0.27.7
239 silly packumentCache full:https://registry.npmjs.org/@esbuild%2fopenharmony-arm64 cache-miss
240 http fetch GET 200 https://registry.npmjs.org/@esbuild%2fopenbsd-arm64 43ms (cache miss)
241 silly packumentCache full:https://registry.npmjs.org/@esbuild%2fopenbsd-arm64 set size:undefined disposed:false
242 silly fetch manifest readdirp@^4.0.1
243 silly packumentCache full:https://registry.npmjs.org/readdirp cache-miss
244 http fetch GET 200 https://registry.npmjs.org/@esbuild%2flinux-mips64el 42ms (cache miss)
245 silly packumentCache full:https://registry.npmjs.org/@esbuild%2flinux-mips64el set size:undefined disposed:false
246 silly fetch manifest ms@^2.1.3
247 silly packumentCache full:https://registry.npmjs.org/ms cache-miss
248 http fetch GET 200 https://registry.npmjs.org/ms 7ms (cache hit)
249 silly packumentCache full:https://registry.npmjs.org/ms set size:92208 disposed:false
250 silly fetch manifest magic-string@^0.30.17
251 silly packumentCache full:https://registry.npmjs.org/magic-string cache-miss
252 http fetch GET 200 https://registry.npmjs.org/@esbuild%2fopenharmony-arm64 51ms (cache miss)
253 silly packumentCache full:https://registry.npmjs.org/@esbuild%2fopenharmony-arm64 set size:undefined disposed:false
254 silly fetch manifest mlly@^1.7.4
255 silly packumentCache full:https://registry.npmjs.org/mlly cache-miss
256 http fetch GET 200 https://registry.npmjs.org/readdirp 38ms (cache miss)
257 silly packumentCache full:https://registry.npmjs.org/readdirp set size:undefined disposed:false
258 silly fetch manifest lilconfig@^3.1.1
259 silly packumentCache full:https://registry.npmjs.org/lilconfig cache-miss
260 http fetch GET 200 https://registry.npmjs.org/magic-string 35ms (cache miss)
261 silly packumentCache full:https://registry.npmjs.org/magic-string set size:undefined disposed:false
262 silly fetch manifest @types/estree@1.0.9
263 silly packumentCache full:https://registry.npmjs.org/@types%2festree cache-miss
264 http fetch GET 200 https://registry.npmjs.org/mlly 35ms (cache miss)
265 silly packumentCache full:https://registry.npmjs.org/mlly set size:undefined disposed:false
266 silly fetch manifest fsevents@~2.3.2
267 silly packumentCache full:https://registry.npmjs.org/fsevents cache-miss
268 http fetch GET 200 https://registry.npmjs.org/lilconfig 41ms (cache miss)
269 silly packumentCache full:https://registry.npmjs.org/lilconfig set size:undefined disposed:false
270 silly fetch manifest @rollup/rollup-darwin-arm64@4.61.1
271 silly packumentCache full:https://registry.npmjs.org/@rollup%2frollup-darwin-arm64 cache-miss
272 http fetch GET 200 https://registry.npmjs.org/fsevents 33ms (cache miss)
273 silly packumentCache full:https://registry.npmjs.org/fsevents set size:undefined disposed:false
274 silly fetch manifest @rollup/rollup-android-arm64@4.61.1
275 silly packumentCache full:https://registry.npmjs.org/@rollup%2frollup-android-arm64 cache-miss
276 http fetch GET 200 https://registry.npmjs.org/@types%2festree 51ms (cache miss)
277 silly packumentCache full:https://registry.npmjs.org/@types%2festree set size:undefined disposed:false
278 silly fetch manifest @rollup/rollup-win32-arm64-msvc@4.61.1
279 silly packumentCache full:https://registry.npmjs.org/@rollup%2frollup-win32-arm64-msvc cache-miss
280 http fetch GET 200 https://registry.npmjs.org/@rollup%2frollup-darwin-arm64 50ms (cache miss)
281 silly packumentCache full:https://registry.npmjs.org/@rollup%2frollup-darwin-arm64 set size:undefined disposed:false
282 silly fetch manifest @rollup/rollup-freebsd-arm64@4.61.1
283 silly packumentCache full:https://registry.npmjs.org/@rollup%2frollup-freebsd-arm64 cache-miss
284 http fetch GET 200 https://registry.npmjs.org/@rollup%2frollup-android-arm64 59ms (cache miss)
285 silly packumentCache full:https://registry.npmjs.org/@rollup%2frollup-android-arm64 set size:undefined disposed:false
286 silly fetch manifest @rollup/rollup-linux-arm64-gnu@4.61.1
287 silly packumentCache full:https://registry.npmjs.org/@rollup%2frollup-linux-arm64-gnu cache-miss
288 http fetch GET 200 https://registry.npmjs.org/@rollup%2frollup-freebsd-arm64 45ms (cache miss)
289 silly packumentCache full:https://registry.npmjs.org/@rollup%2frollup-freebsd-arm64 set size:undefined disposed:false
290 silly fetch manifest @rollup/rollup-linux-arm64-musl@4.61.1
291 silly packumentCache full:https://registry.npmjs.org/@rollup%2frollup-linux-arm64-musl cache-miss
292 http fetch GET 200 https://registry.npmjs.org/@rollup%2frollup-linux-arm64-gnu 55ms (cache miss)
293 silly packumentCache full:https://registry.npmjs.org/@rollup%2frollup-linux-arm64-gnu set size:undefined disposed:false
294 silly fetch manifest @rollup/rollup-android-arm-eabi@4.61.1
295 silly packumentCache full:https://registry.npmjs.org/@rollup%2frollup-android-arm-eabi cache-miss
296 http fetch GET 200 https://registry.npmjs.org/@rollup%2frollup-win32-arm64-msvc 120ms (cache miss)
297 silly packumentCache full:https://registry.npmjs.org/@rollup%2frollup-win32-arm64-msvc set size:undefined disposed:false
298 silly fetch manifest @rollup/rollup-linux-arm-gnueabihf@4.61.1
299 silly packumentCache full:https://registry.npmjs.org/@rollup%2frollup-linux-arm-gnueabihf cache-miss
300 http fetch GET 200 https://registry.npmjs.org/@rollup%2frollup-linux-arm64-musl 60ms (cache miss)
301 silly packumentCache full:https://registry.npmjs.org/@rollup%2frollup-linux-arm64-musl set size:undefined disposed:false
302 silly fetch manifest @rollup/rollup-linux-arm-musleabihf@4.61.1
303 silly packumentCache full:https://registry.npmjs.org/@rollup%2frollup-linux-arm-musleabihf cache-miss
304 http fetch GET 200 https://registry.npmjs.org/@rollup%2frollup-android-arm-eabi 74ms (cache miss)
305 silly packumentCache full:https://registry.npmjs.org/@rollup%2frollup-android-arm-eabi set size:undefined disposed:false
306 silly fetch manifest @rollup/rollup-win32-ia32-msvc@4.61.1
307 silly packumentCache full:https://registry.npmjs.org/@rollup%2frollup-win32-ia32-msvc cache-miss
308 http fetch GET 200 https://registry.npmjs.org/@rollup%2frollup-linux-arm-musleabihf 63ms (cache miss)
309 silly packumentCache full:https://registry.npmjs.org/@rollup%2frollup-linux-arm-musleabihf set size:undefined disposed:false
310 silly fetch manifest @rollup/rollup-linux-loong64-gnu@4.61.1
311 silly packumentCache full:https://registry.npmjs.org/@rollup%2frollup-linux-loong64-gnu cache-miss
312 http fetch GET 200 https://registry.npmjs.org/@rollup%2frollup-linux-arm-gnueabihf 72ms (cache miss)
313 silly packumentCache full:https://registry.npmjs.org/@rollup%2frollup-linux-arm-gnueabihf set size:undefined disposed:false
314 silly fetch manifest @rollup/rollup-linux-loong64-musl@4.61.1
315 silly packumentCache full:https://registry.npmjs.org/@rollup%2frollup-linux-loong64-musl cache-miss
316 http fetch GET 200 https://registry.npmjs.org/@rollup%2frollup-linux-loong64-musl 45ms (cache miss)
317 silly packumentCache full:https://registry.npmjs.org/@rollup%2frollup-linux-loong64-musl set size:undefined disposed:false
318 silly fetch manifest @rollup/rollup-linux-riscv64-gnu@4.61.1
319 silly packumentCache full:https://registry.npmjs.org/@rollup%2frollup-linux-riscv64-gnu cache-miss
320 http fetch GET 200 https://registry.npmjs.org/@rollup%2frollup-linux-loong64-gnu 54ms (cache miss)
321 silly packumentCache full:https://registry.npmjs.org/@rollup%2frollup-linux-loong64-gnu set size:undefined disposed:false
322 silly fetch manifest @rollup/rollup-linux-riscv64-musl@4.61.1
323 silly packumentCache full:https://registry.npmjs.org/@rollup%2frollup-linux-riscv64-musl cache-miss
324 http fetch GET 200 https://registry.npmjs.org/@rollup%2frollup-win32-ia32-msvc 66ms (cache miss)
325 silly packumentCache full:https://registry.npmjs.org/@rollup%2frollup-win32-ia32-msvc set size:undefined disposed:false
326 silly fetch manifest @rollup/rollup-linux-ppc64-gnu@4.61.1
327 silly packumentCache full:https://registry.npmjs.org/@rollup%2frollup-linux-ppc64-gnu cache-miss
328 http fetch GET 200 https://registry.npmjs.org/@rollup%2frollup-linux-riscv64-gnu 47ms (cache miss)
329 silly packumentCache full:https://registry.npmjs.org/@rollup%2frollup-linux-riscv64-gnu set size:undefined disposed:false
330 silly fetch manifest @rollup/rollup-linux-ppc64-musl@4.61.1
331 silly packumentCache full:https://registry.npmjs.org/@rollup%2frollup-linux-ppc64-musl cache-miss
332 http fetch GET 200 https://registry.npmjs.org/@rollup%2frollup-linux-ppc64-gnu 40ms (cache miss)
333 silly packumentCache full:https://registry.npmjs.org/@rollup%2frollup-linux-ppc64-gnu set size:undefined disposed:false
334 silly fetch manifest @rollup/rollup-linux-s390x-gnu@4.61.1
335 silly packumentCache full:https://registry.npmjs.org/@rollup%2frollup-linux-s390x-gnu cache-miss
336 http fetch GET 200 https://registry.npmjs.org/@rollup%2frollup-linux-riscv64-musl 55ms (cache miss)
337 silly packumentCache full:https://registry.npmjs.org/@rollup%2frollup-linux-riscv64-musl set size:undefined disposed:false
338 silly fetch manifest @rollup/rollup-darwin-x64@4.61.1
339 silly packumentCache full:https://registry.npmjs.org/@rollup%2frollup-darwin-x64 cache-miss
340 http fetch GET 200 https://registry.npmjs.org/@rollup%2frollup-linux-ppc64-musl 43ms (cache miss)
341 silly packumentCache full:https://registry.npmjs.org/@rollup%2frollup-linux-ppc64-musl set size:undefined disposed:false
342 silly fetch manifest @rollup/rollup-win32-x64-gnu@4.61.1
343 silly packumentCache full:https://registry.npmjs.org/@rollup%2frollup-win32-x64-gnu cache-miss
344 http fetch GET 200 https://registry.npmjs.org/@rollup%2frollup-darwin-x64 57ms (cache miss)
345 silly packumentCache full:https://registry.npmjs.org/@rollup%2frollup-darwin-x64 set size:undefined disposed:false
346 silly fetch manifest @rollup/rollup-win32-x64-msvc@4.61.1
347 silly packumentCache full:https://registry.npmjs.org/@rollup%2frollup-win32-x64-msvc cache-miss
348 http fetch GET 200 https://registry.npmjs.org/@rollup%2frollup-linux-s390x-gnu 70ms (cache miss)
349 silly packumentCache full:https://registry.npmjs.org/@rollup%2frollup-linux-s390x-gnu set size:undefined disposed:false
350 silly fetch manifest @rollup/rollup-freebsd-x64@4.61.1
351 silly packumentCache full:https://registry.npmjs.org/@rollup%2frollup-freebsd-x64 cache-miss
352 http fetch GET 200 https://registry.npmjs.org/@rollup%2frollup-win32-x64-gnu 42ms (cache miss)
353 silly packumentCache full:https://registry.npmjs.org/@rollup%2frollup-win32-x64-gnu set size:undefined disposed:false
354 silly fetch manifest @rollup/rollup-linux-x64-gnu@4.61.1
355 silly packumentCache full:https://registry.npmjs.org/@rollup%2frollup-linux-x64-gnu cache-miss
356 http fetch GET 200 https://registry.npmjs.org/@rollup%2frollup-freebsd-x64 49ms (cache miss)
357 silly packumentCache full:https://registry.npmjs.org/@rollup%2frollup-freebsd-x64 set size:undefined disposed:false
358 silly fetch manifest @rollup/rollup-linux-x64-musl@4.61.1
359 silly packumentCache full:https://registry.npmjs.org/@rollup%2frollup-linux-x64-musl cache-miss
360 http fetch GET 200 https://registry.npmjs.org/@rollup%2frollup-win32-x64-msvc 66ms (cache miss)
361 silly packumentCache full:https://registry.npmjs.org/@rollup%2frollup-win32-x64-msvc set size:undefined disposed:false
362 silly fetch manifest @rollup/rollup-openbsd-x64@4.61.1
363 silly packumentCache full:https://registry.npmjs.org/@rollup%2frollup-openbsd-x64 cache-miss
364 http fetch GET 200 https://registry.npmjs.org/@rollup%2frollup-linux-x64-gnu 60ms (cache miss)
365 silly packumentCache full:https://registry.npmjs.org/@rollup%2frollup-linux-x64-gnu set size:undefined disposed:false
366 silly fetch manifest @rollup/rollup-openharmony-arm64@4.61.1
367 silly packumentCache full:https://registry.npmjs.org/@rollup%2frollup-openharmony-arm64 cache-miss
368 http fetch GET 200 https://registry.npmjs.org/@rollup%2frollup-linux-x64-musl 49ms (cache miss)
369 silly packumentCache full:https://registry.npmjs.org/@rollup%2frollup-linux-x64-musl set size:undefined disposed:false
370 silly fetch manifest @jridgewell/gen-mapping@^0.3.2
371 silly packumentCache full:https://registry.npmjs.org/@jridgewell%2fgen-mapping cache-miss
372 http fetch GET 200 https://registry.npmjs.org/@rollup%2frollup-openbsd-x64 47ms (cache miss)
373 silly packumentCache full:https://registry.npmjs.org/@rollup%2frollup-openbsd-x64 set size:undefined disposed:false
374 silly fetch manifest commander@^4.0.0
375 silly packumentCache full:https://registry.npmjs.org/commander cache-miss
376 http fetch GET 200 https://registry.npmjs.org/@rollup%2frollup-openharmony-arm64 43ms (cache miss)
377 silly packumentCache full:https://registry.npmjs.org/@rollup%2frollup-openharmony-arm64 set size:undefined disposed:false
378 silly fetch manifest lines-and-columns@^1.1.6
379 silly packumentCache full:https://registry.npmjs.org/lines-and-columns cache-miss
380 http fetch GET 200 https://registry.npmjs.org/lines-and-columns 27ms (cache miss)
381 silly packumentCache full:https://registry.npmjs.org/lines-and-columns set size:undefined disposed:false
382 silly fetch manifest mz@^2.7.0
383 silly packumentCache full:https://registry.npmjs.org/mz cache-miss
384 http fetch GET 200 https://registry.npmjs.org/@jridgewell%2fgen-mapping 48ms (cache miss)
385 silly packumentCache full:https://registry.npmjs.org/@jridgewell%2fgen-mapping set size:undefined disposed:false
386 silly fetch manifest pirates@^4.0.1
387 silly packumentCache full:https://registry.npmjs.org/pirates cache-miss
388 http fetch GET 200 https://registry.npmjs.org/commander 47ms (cache miss)
389 silly packumentCache full:https://registry.npmjs.org/commander set size:undefined disposed:false
390 silly fetch manifest ts-interface-checker@^0.1.9
391 silly packumentCache full:https://registry.npmjs.org/ts-interface-checker cache-miss
392 http fetch GET 200 https://registry.npmjs.org/mz 33ms (cache miss)
393 silly packumentCache full:https://registry.npmjs.org/mz set size:undefined disposed:false
394 silly fetch manifest fdir@^6.5.0
395 silly packumentCache full:https://registry.npmjs.org/fdir cache-miss
396 http fetch GET 200 https://registry.npmjs.org/pirates 29ms (cache miss)
397 silly packumentCache full:https://registry.npmjs.org/pirates set size:undefined disposed:false
398 silly fetch manifest picomatch@^4.0.4
399 silly packumentCache full:https://registry.npmjs.org/picomatch cache-miss
400 http fetch GET 200 https://registry.npmjs.org/ts-interface-checker 28ms (cache miss)
401 silly packumentCache full:https://registry.npmjs.org/ts-interface-checker set size:undefined disposed:false
402 http fetch GET 200 https://registry.npmjs.org/fdir 31ms (cache miss)
403 silly packumentCache full:https://registry.npmjs.org/fdir set size:undefined disposed:false
404 http fetch GET 200 https://registry.npmjs.org/picomatch 30ms (cache miss)
405 silly packumentCache full:https://registry.npmjs.org/picomatch set size:undefined disposed:false
406 silly placeDep ROOT load-tsconfig@0.2.5 OK for: bundle-require@5.1.0 want: ^0.2.3
407 silly placeDep ROOT readdirp@4.1.2 OK for: chokidar@4.0.3 want: ^4.0.1
408 silly placeDep ROOT @esbuild/aix-ppc64@0.27.7 OK for: esbuild@0.27.7 want: 0.27.7
409 silly placeDep ROOT @esbuild/android-arm@0.27.7 OK for: esbuild@0.27.7 want: 0.27.7
410 silly placeDep ROOT @esbuild/android-arm64@0.27.7 OK for: esbuild@0.27.7 want: 0.27.7
411 silly placeDep ROOT @esbuild/android-x64@0.27.7 OK for: esbuild@0.27.7 want: 0.27.7
412 silly placeDep ROOT @esbuild/darwin-arm64@0.27.7 OK for: esbuild@0.27.7 want: 0.27.7
413 silly placeDep ROOT @esbuild/darwin-x64@0.27.7 OK for: esbuild@0.27.7 want: 0.27.7
414 silly placeDep ROOT @esbuild/freebsd-arm64@0.27.7 OK for: esbuild@0.27.7 want: 0.27.7
415 silly placeDep ROOT @esbuild/freebsd-x64@0.27.7 OK for: esbuild@0.27.7 want: 0.27.7
416 silly placeDep ROOT @esbuild/linux-arm@0.27.7 OK for: esbuild@0.27.7 want: 0.27.7
417 silly placeDep ROOT @esbuild/linux-arm64@0.27.7 OK for: esbuild@0.27.7 want: 0.27.7
418 silly placeDep ROOT @esbuild/linux-ia32@0.27.7 OK for: esbuild@0.27.7 want: 0.27.7
419 silly placeDep ROOT @esbuild/linux-loong64@0.27.7 OK for: esbuild@0.27.7 want: 0.27.7
420 silly placeDep ROOT @esbuild/linux-mips64el@0.27.7 OK for: esbuild@0.27.7 want: 0.27.7
421 silly placeDep ROOT @esbuild/linux-ppc64@0.27.7 OK for: esbuild@0.27.7 want: 0.27.7
422 silly placeDep ROOT @esbuild/linux-riscv64@0.27.7 OK for: esbuild@0.27.7 want: 0.27.7
423 silly placeDep ROOT @esbuild/linux-s390x@0.27.7 OK for: esbuild@0.27.7 want: 0.27.7
424 silly placeDep ROOT @esbuild/linux-x64@0.27.7 OK for: esbuild@0.27.7 want: 0.27.7
425 silly placeDep ROOT @esbuild/netbsd-arm64@0.27.7 OK for: esbuild@0.27.7 want: 0.27.7
426 silly placeDep ROOT @esbuild/netbsd-x64@0.27.7 OK for: esbuild@0.27.7 want: 0.27.7
427 silly placeDep ROOT @esbuild/openbsd-arm64@0.27.7 OK for: esbuild@0.27.7 want: 0.27.7
428 silly placeDep ROOT @esbuild/openbsd-x64@0.27.7 OK for: esbuild@0.27.7 want: 0.27.7
429 silly placeDep ROOT @esbuild/openharmony-arm64@0.27.7 OK for: esbuild@0.27.7 want: 0.27.7
430 silly placeDep ROOT @esbuild/sunos-x64@0.27.7 OK for: esbuild@0.27.7 want: 0.27.7
431 silly placeDep ROOT @esbuild/win32-arm64@0.27.7 OK for: esbuild@0.27.7 want: 0.27.7
432 silly placeDep ROOT @esbuild/win32-ia32@0.27.7 OK for: esbuild@0.27.7 want: 0.27.7
433 silly placeDep ROOT @esbuild/win32-x64@0.27.7 OK for: esbuild@0.27.7 want: 0.27.7
434 silly placeDep ROOT magic-string@0.30.21 OK for: fix-dts-default-cjs-exports@1.0.1 want: ^0.30.17
435 silly placeDep ROOT mlly@1.8.2 OK for: fix-dts-default-cjs-exports@1.0.1 want: ^1.7.4
436 silly fetch manifest @jridgewell/sourcemap-codec@^1.5.5
437 silly packumentCache full:https://registry.npmjs.org/@jridgewell%2fsourcemap-codec cache-miss
438 silly fetch manifest acorn@^8.16.0
439 silly packumentCache full:https://registry.npmjs.org/acorn cache-miss
440 silly fetch manifest pathe@^2.0.3
441 silly packumentCache full:https://registry.npmjs.org/pathe cache-miss
442 http fetch GET 200 https://registry.npmjs.org/pathe 27ms (cache miss)
443 silly packumentCache full:https://registry.npmjs.org/pathe set size:undefined disposed:false
444 silly fetch manifest pkg-types@^1.3.1
445 silly packumentCache full:https://registry.npmjs.org/pkg-types cache-miss
446 http fetch GET 200 https://registry.npmjs.org/acorn 37ms (cache miss)
447 silly packumentCache full:https://registry.npmjs.org/acorn set size:undefined disposed:false
448 silly fetch manifest ufo@^1.6.3
449 silly packumentCache full:https://registry.npmjs.org/ufo cache-miss
450 http fetch GET 200 https://registry.npmjs.org/@jridgewell%2fsourcemap-codec 52ms (cache miss)
451 silly packumentCache full:https://registry.npmjs.org/@jridgewell%2fsourcemap-codec set size:undefined disposed:false
452 http fetch GET 200 https://registry.npmjs.org/pkg-types 27ms (cache miss)
453 silly packumentCache full:https://registry.npmjs.org/pkg-types set size:undefined disposed:false
454 http fetch GET 200 https://registry.npmjs.org/ufo 31ms (cache miss)
455 silly packumentCache full:https://registry.npmjs.org/ufo set size:undefined disposed:false
456 silly placeDep ROOT @jridgewell/sourcemap-codec@1.5.5 OK for: magic-string@0.30.21 want: ^1.5.5
457 silly placeDep ROOT acorn@8.16.0 OK for: mlly@1.8.2 want: ^8.16.0
458 silly placeDep ROOT pathe@2.0.3 OK for: mlly@1.8.2 want: ^2.0.3
459 silly placeDep ROOT pkg-types@1.3.1 OK for: mlly@1.8.2 want: ^1.3.1
460 silly placeDep ROOT ufo@1.6.4 OK for: mlly@1.8.2 want: ^1.6.3
461 silly fetch manifest confbox@^0.1.8
462 silly packumentCache full:https://registry.npmjs.org/confbox cache-miss
463 http fetch GET 200 https://registry.npmjs.org/confbox 26ms (cache miss)
464 silly packumentCache full:https://registry.npmjs.org/confbox set size:undefined disposed:false
465 silly placeDep ROOT confbox@0.1.8 OK for: pkg-types@1.3.1 want: ^0.1.8
466 silly placeDep ROOT lilconfig@3.1.3 OK for: postcss-load-config@6.0.1 want: ^3.1.1
467 silly placeDep ROOT @rollup/rollup-android-arm-eabi@4.61.1 OK for: rollup@4.61.1 want: 4.61.1
468 silly placeDep ROOT @rollup/rollup-android-arm64@4.61.1 OK for: rollup@4.61.1 want: 4.61.1
469 silly placeDep ROOT @rollup/rollup-darwin-arm64@4.61.1 OK for: rollup@4.61.1 want: 4.61.1
470 silly placeDep ROOT @rollup/rollup-darwin-x64@4.61.1 OK for: rollup@4.61.1 want: 4.61.1
471 silly placeDep ROOT @rollup/rollup-freebsd-arm64@4.61.1 OK for: rollup@4.61.1 want: 4.61.1
472 silly placeDep ROOT @rollup/rollup-freebsd-x64@4.61.1 OK for: rollup@4.61.1 want: 4.61.1
473 silly placeDep ROOT @rollup/rollup-linux-arm-gnueabihf@4.61.1 OK for: rollup@4.61.1 want: 4.61.1
474 silly placeDep ROOT @rollup/rollup-linux-arm-musleabihf@4.61.1 OK for: rollup@4.61.1 want: 4.61.1
475 silly placeDep ROOT @rollup/rollup-linux-arm64-gnu@4.61.1 OK for: rollup@4.61.1 want: 4.61.1
476 silly placeDep ROOT @rollup/rollup-linux-arm64-musl@4.61.1 OK for: rollup@4.61.1 want: 4.61.1
477 silly placeDep ROOT @rollup/rollup-linux-loong64-gnu@4.61.1 OK for: rollup@4.61.1 want: 4.61.1
478 silly placeDep ROOT @rollup/rollup-linux-loong64-musl@4.61.1 OK for: rollup@4.61.1 want: 4.61.1
479 silly placeDep ROOT @rollup/rollup-linux-ppc64-gnu@4.61.1 OK for: rollup@4.61.1 want: 4.61.1
480 silly placeDep ROOT @rollup/rollup-linux-ppc64-musl@4.61.1 OK for: rollup@4.61.1 want: 4.61.1
481 silly placeDep ROOT @rollup/rollup-linux-riscv64-gnu@4.61.1 OK for: rollup@4.61.1 want: 4.61.1
482 silly placeDep ROOT @rollup/rollup-linux-riscv64-musl@4.61.1 OK for: rollup@4.61.1 want: 4.61.1
483 silly placeDep ROOT @rollup/rollup-linux-s390x-gnu@4.61.1 OK for: rollup@4.61.1 want: 4.61.1
484 silly placeDep ROOT @rollup/rollup-linux-x64-gnu@4.61.1 OK for: rollup@4.61.1 want: 4.61.1
485 silly placeDep ROOT @rollup/rollup-linux-x64-musl@4.61.1 OK for: rollup@4.61.1 want: 4.61.1
486 silly placeDep ROOT @rollup/rollup-openbsd-x64@4.61.1 OK for: rollup@4.61.1 want: 4.61.1
487 silly placeDep ROOT @rollup/rollup-openharmony-arm64@4.61.1 OK for: rollup@4.61.1 want: 4.61.1
488 silly placeDep ROOT @rollup/rollup-win32-arm64-msvc@4.61.1 OK for: rollup@4.61.1 want: 4.61.1
489 silly placeDep ROOT @rollup/rollup-win32-ia32-msvc@4.61.1 OK for: rollup@4.61.1 want: 4.61.1
490 silly placeDep ROOT @rollup/rollup-win32-x64-gnu@4.61.1 OK for: rollup@4.61.1 want: 4.61.1
491 silly placeDep ROOT @rollup/rollup-win32-x64-msvc@4.61.1 OK for: rollup@4.61.1 want: 4.61.1
492 silly placeDep ROOT @types/estree@1.0.9 OK for: rollup@4.61.1 want: 1.0.9
493 silly placeDep ROOT fsevents@2.3.3 OK for: rollup@4.61.1 want: ~2.3.2
494 silly placeDep ROOT @jridgewell/gen-mapping@0.3.13 OK for: sucrase@3.35.1 want: ^0.3.2
495 silly placeDep ROOT commander@4.1.1 OK for: sucrase@3.35.1 want: ^4.0.0
496 silly placeDep ROOT lines-and-columns@1.2.4 OK for: sucrase@3.35.1 want: ^1.1.6
497 silly placeDep ROOT mz@2.7.0 OK for: sucrase@3.35.1 want: ^2.7.0
498 silly placeDep ROOT pirates@4.0.7 OK for: sucrase@3.35.1 want: ^4.0.1
499 silly placeDep ROOT ts-interface-checker@0.1.13 OK for: sucrase@3.35.1 want: ^0.1.9
500 silly fetch manifest @jridgewell/trace-mapping@^0.3.24
501 silly packumentCache full:https://registry.npmjs.org/@jridgewell%2ftrace-mapping cache-miss
502 silly fetch manifest any-promise@^1.0.0
503 silly packumentCache full:https://registry.npmjs.org/any-promise cache-miss
504 silly fetch manifest thenify-all@^1.0.0
505 silly packumentCache full:https://registry.npmjs.org/thenify-all cache-miss
506 http fetch GET 200 https://registry.npmjs.org/thenify-all 27ms (cache miss)
507 silly packumentCache full:https://registry.npmjs.org/thenify-all set size:undefined disposed:false
508 http fetch GET 200 https://registry.npmjs.org/any-promise 34ms (cache miss)
509 silly packumentCache full:https://registry.npmjs.org/any-promise set size:undefined disposed:false
510 http fetch GET 200 https://registry.npmjs.org/@jridgewell%2ftrace-mapping 48ms (cache miss)
511 silly packumentCache full:https://registry.npmjs.org/@jridgewell%2ftrace-mapping set size:undefined disposed:false
512 silly placeDep ROOT @jridgewell/trace-mapping@0.3.31 OK for: @jridgewell/gen-mapping@0.3.13 want: ^0.3.24
513 silly fetch manifest @jridgewell/resolve-uri@^3.1.0
514 silly packumentCache full:https://registry.npmjs.org/@jridgewell%2fresolve-uri cache-miss
515 http fetch GET 200 https://registry.npmjs.org/@jridgewell%2fresolve-uri 43ms (cache miss)
516 silly packumentCache full:https://registry.npmjs.org/@jridgewell%2fresolve-uri set size:undefined disposed:false
517 silly placeDep ROOT @jridgewell/resolve-uri@3.1.2 OK for: @jridgewell/trace-mapping@0.3.31 want: ^3.1.0
518 silly placeDep ROOT any-promise@1.3.0 OK for: mz@2.7.0 want: ^1.0.0
519 silly placeDep ROOT thenify-all@1.6.0 OK for: mz@2.7.0 want: ^1.0.0
520 silly fetch manifest thenify@>= 3.1.0 < 4
521 silly packumentCache full:https://registry.npmjs.org/thenify cache-miss
522 http fetch GET 200 https://registry.npmjs.org/thenify 22ms (cache miss)
523 silly packumentCache full:https://registry.npmjs.org/thenify set size:undefined disposed:false
524 silly placeDep ROOT thenify@3.3.1 OK for: thenify-all@1.6.0 want: >= 3.1.0 < 4
525 silly placeDep ROOT fdir@6.5.0 OK for: tinyglobby@0.2.17 want: ^6.5.0
526 silly placeDep ROOT picomatch@4.0.4 OK for: tinyglobby@0.2.17 want: ^4.0.4
527 silly placeDep node_modules/tsup ms@2.1.3 OK for: debug@4.4.3 want: ^2.1.3
528 silly reify moves {}
529 silly audit bulk request {
529 silly audit   debug: [ '4.4.3' ],
529 silly audit   ms: [ '2.1.3' ],
529 silly audit   'object-assign': [ '4.1.1' ],
529 silly audit   '@esggo/shared': [ '1.0.0' ],
529 silly audit   tsup: [ '8.5.1' ],
529 silly audit   typescript: [ '5.9.3' ],
529 silly audit   'bundle-require': [ '5.1.0' ],
529 silly audit   esbuild: [ '0.27.7' ],
529 silly audit   cac: [ '6.7.14' ],
529 silly audit   chokidar: [ '4.0.3' ],
529 silly audit   consola: [ '3.4.2' ],
529 silly audit   'fix-dts-default-cjs-exports': [ '1.0.1' ],
529 silly audit   joycon: [ '3.1.1' ],
529 silly audit   picocolors: [ '1.1.1' ],
529 silly audit   'postcss-load-config': [ '6.0.1' ],
529 silly audit   'resolve-from': [ '5.0.0' ],
529 silly audit   rollup: [ '4.61.1' ],
529 silly audit   'source-map': [ '0.7.6' ],
529 silly audit   sucrase: [ '3.35.1' ],
529 silly audit   tinyexec: [ '0.3.2' ],
529 silly audit   tinyglobby: [ '0.2.17' ],
529 silly audit   'tree-kill': [ '1.2.2' ],
529 silly audit   'load-tsconfig': [ '0.2.5' ],
529 silly audit   readdirp: [ '4.1.2' ],
529 silly audit   '@esbuild/aix-ppc64': [ '0.27.7' ],
529 silly audit   '@esbuild/android-arm': [ '0.27.7' ],
529 silly audit   '@esbuild/android-arm64': [ '0.27.7' ],
529 silly audit   '@esbuild/android-x64': [ '0.27.7' ],
529 silly audit   '@esbuild/darwin-arm64': [ '0.27.7' ],
529 silly audit   '@esbuild/darwin-x64': [ '0.27.7' ],
529 silly audit   '@esbuild/freebsd-arm64': [ '0.27.7' ],
529 silly audit   '@esbuild/freebsd-x64': [ '0.27.7' ],
529 silly audit   '@esbuild/linux-arm': [ '0.27.7' ],
529 silly audit   '@esbuild/linux-arm64': [ '0.27.7' ],
529 silly audit   '@esbuild/linux-ia32': [ '0.27.7' ],
529 silly audit   '@esbuild/linux-loong64': [ '0.27.7' ],
529 silly audit   '@esbuild/linux-mips64el': [ '0.27.7' ],
529 silly audit   '@esbuild/linux-ppc64': [ '0.27.7' ],
529 silly audit   '@esbuild/linux-riscv64': [ '0.27.7' ],
529 silly audit   '@esbuild/linux-s390x': [ '0.27.7' ],
529 silly audit   '@esbuild/linux-x64': [ '0.27.7' ],
529 silly audit   '@esbuild/netbsd-arm64': [ '0.27.7' ],
529 silly audit   '@esbuild/netbsd-x64': [ '0.27.7' ],
529 silly audit   '@esbuild/openbsd-arm64': [ '0.27.7' ],
529 silly audit   '@esbuild/openbsd-x64': [ '0.27.7' ],
529 silly audit   '@esbuild/openharmony-arm64': [ '0.27.7' ],
529 silly audit   '@esbuild/sunos-x64': [ '0.27.7' ],
529 silly audit   '@esbuild/win32-arm64': [ '0.27.7' ],
529 silly audit   '@esbuild/win32-ia32': [ '0.27.7' ],
529 silly audit   '@esbuild/win32-x64': [ '0.27.7' ],
529 silly audit   'magic-string': [ '0.30.21' ],
529 silly audit   mlly: [ '1.8.2' ],
529 silly audit   '@jridgewell/sourcemap-codec': [ '1.5.5' ],
529 silly audit   acorn: [ '8.16.0' ],
529 silly audit   pathe: [ '2.0.3' ],
529 silly audit   'pkg-types': [ '1.3.1' ],
529 silly audit   ufo: [ '1.6.4' ],
529 silly audit   confbox: [ '0.1.8' ],
529 silly audit   lilconfig: [ '3.1.3' ],
529 silly audit   '@rollup/rollup-android-arm-eabi': [ '4.61.1' ],
529 silly audit   '@rollup/rollup-android-arm64': [ '4.61.1' ],
529 silly audit   '@rollup/rollup-darwin-arm64': [ '4.61.1' ],
529 silly audit   '@rollup/rollup-darwin-x64': [ '4.61.1' ],
529 silly audit   '@rollup/rollup-freebsd-arm64': [ '4.61.1' ],
529 silly audit   '@rollup/rollup-freebsd-x64': [ '4.61.1' ],
529 silly audit   '@rollup/rollup-linux-arm-gnueabihf': [ '4.61.1' ],
529 silly audit   '@rollup/rollup-linux-arm-musleabihf': [ '4.61.1' ],
529 silly audit   '@rollup/rollup-linux-arm64-gnu': [ '4.61.1' ],
529 silly audit   '@rollup/rollup-linux-arm64-musl': [ '4.61.1' ],
529 silly audit   '@rollup/rollup-linux-loong64-gnu': [ '4.61.1' ],
529 silly audit   '@rollup/rollup-linux-loong64-musl': [ '4.61.1' ],
529 silly audit   '@rollup/rollup-linux-ppc64-gnu': [ '4.61.1' ],
529 silly audit   '@rollup/rollup-linux-ppc64-musl': [ '4.61.1' ],
529 silly audit   '@rollup/rollup-linux-riscv64-gnu': [ '4.61.1' ],
529 silly audit   '@rollup/rollup-linux-riscv64-musl': [ '4.61.1' ],
529 silly audit   '@rollup/rollup-linux-s390x-gnu': [ '4.61.1' ],
529 silly audit   '@rollup/rollup-linux-x64-gnu': [ '4.61.1' ],
529 silly audit   '@rollup/rollup-linux-x64-musl': [ '4.61.1' ],
529 silly audit   '@rollup/rollup-openbsd-x64': [ '4.61.1' ],
529 silly audit   '@rollup/rollup-openharmony-arm64': [ '4.61.1' ],
529 silly audit   '@rollup/rollup-win32-arm64-msvc': [ '4.61.1' ],
529 silly audit   '@rollup/rollup-win32-ia32-msvc': [ '4.61.1' ],
529 silly audit   '@rollup/rollup-win32-x64-gnu': [ '4.61.1' ],
529 silly audit   '@rollup/rollup-win32-x64-msvc': [ '4.61.1' ],
529 silly audit   '@types/estree': [ '1.0.9' ],
529 silly audit   fsevents: [ '2.3.3' ],
529 silly audit   '@jridgewell/gen-mapping': [ '0.3.13' ],
529 silly audit   commander: [ '4.1.1' ],
529 silly audit   'lines-and-columns': [ '1.2.4' ],
529 silly audit   mz: [ '2.7.0' ],
529 silly audit   pirates: [ '4.0.7' ],
529 silly audit   'ts-interface-checker': [ '0.1.13' ],
529 silly audit   '@jridgewell/trace-mapping': [ '0.3.31' ],
529 silly audit   '@jridgewell/resolve-uri': [ '3.1.2' ],
529 silly audit   'any-promise': [ '1.3.0' ],
529 silly audit   'thenify-all': [ '1.6.0' ],
529 silly audit   thenify: [ '3.3.1' ],
529 silly audit   fdir: [ '6.5.0' ],
529 silly audit   picomatch: [ '4.0.4' ]
529 silly audit }
530 verbose reify failed optional dependency /home/ubuntu/node_modules/fsevents
531 silly reify mark deleted [ '/home/ubuntu/node_modules/fsevents' ]
532 verbose reify failed optional dependency /home/ubuntu/node_modules/@rollup/rollup-win32-x64-msvc
533 silly reify mark deleted [ '/home/ubuntu/node_modules/@rollup/rollup-win32-x64-msvc' ]
534 verbose reify failed optional dependency /home/ubuntu/node_modules/@rollup/rollup-win32-x64-gnu
535 silly reify mark deleted [ '/home/ubuntu/node_modules/@rollup/rollup-win32-x64-gnu' ]
536 verbose reify failed optional dependency /home/ubuntu/node_modules/@rollup/rollup-win32-ia32-msvc
537 silly reify mark deleted [ '/home/ubuntu/node_modules/@rollup/rollup-win32-ia32-msvc' ]
538 verbose reify failed optional dependency /home/ubuntu/node_modules/@rollup/rollup-win32-arm64-msvc
539 silly reify mark deleted [ '/home/ubuntu/node_modules/@rollup/rollup-win32-arm64-msvc' ]
540 verbose reify failed optional dependency /home/ubuntu/node_modules/@rollup/rollup-openharmony-arm64
541 silly reify mark deleted [ '/home/ubuntu/node_modules/@rollup/rollup-openharmony-arm64' ]
542 verbose reify failed optional dependency /home/ubuntu/node_modules/@rollup/rollup-openbsd-x64
543 silly reify mark deleted [ '/home/ubuntu/node_modules/@rollup/rollup-openbsd-x64' ]
544 verbose reify failed optional dependency /home/ubuntu/node_modules/@rollup/rollup-linux-x64-musl
545 silly reify mark deleted [ '/home/ubuntu/node_modules/@rollup/rollup-linux-x64-musl' ]
546 verbose reify failed optional dependency /home/ubuntu/node_modules/@rollup/rollup-linux-x64-gnu
547 silly reify mark deleted [ '/home/ubuntu/node_modules/@rollup/rollup-linux-x64-gnu' ]
548 verbose reify failed optional dependency /home/ubuntu/node_modules/@rollup/rollup-linux-s390x-gnu
549 silly reify mark deleted [ '/home/ubuntu/node_modules/@rollup/rollup-linux-s390x-gnu' ]
550 verbose reify failed optional dependency /home/ubuntu/node_modules/@rollup/rollup-linux-riscv64-musl
551 silly reify mark deleted [ '/home/ubuntu/node_modules/@rollup/rollup-linux-riscv64-musl' ]
552 verbose reify failed optional dependency /home/ubuntu/node_modules/@rollup/rollup-linux-riscv64-gnu
553 silly reify mark deleted [ '/home/ubuntu/node_modules/@rollup/rollup-linux-riscv64-gnu' ]
554 verbose reify failed optional dependency /home/ubuntu/node_modules/@rollup/rollup-linux-ppc64-musl
555 silly reify mark deleted [ '/home/ubuntu/node_modules/@rollup/rollup-linux-ppc64-musl' ]
556 verbose reify failed optional dependency /home/ubuntu/node_modules/@rollup/rollup-linux-ppc64-gnu
557 silly reify mark deleted [ '/home/ubuntu/node_modules/@rollup/rollup-linux-ppc64-gnu' ]
558 verbose reify failed optional dependency /home/ubuntu/node_modules/@rollup/rollup-linux-loong64-musl
559 silly reify mark deleted [ '/home/ubuntu/node_modules/@rollup/rollup-linux-loong64-musl' ]
560 verbose reify failed optional dependency /home/ubuntu/node_modules/@rollup/rollup-linux-loong64-gnu
561 silly reify mark deleted [ '/home/ubuntu/node_modules/@rollup/rollup-linux-loong64-gnu' ]
562 verbose reify failed optional dependency /home/ubuntu/node_modules/@rollup/rollup-linux-arm64-musl
563 silly reify mark deleted [ '/home/ubuntu/node_modules/@rollup/rollup-linux-arm64-musl' ]
564 verbose reify failed optional dependency /home/ubuntu/node_modules/@rollup/rollup-linux-arm-musleabihf
565 silly reify mark deleted [ '/home/ubuntu/node_modules/@rollup/rollup-linux-arm-musleabihf' ]
566 verbose reify failed optional dependency /home/ubuntu/node_modules/@rollup/rollup-linux-arm-gnueabihf
567 silly reify mark deleted [ '/home/ubuntu/node_modules/@rollup/rollup-linux-arm-gnueabihf' ]
568 verbose reify failed optional dependency /home/ubuntu/node_modules/@rollup/rollup-freebsd-x64
569 silly reify mark deleted [ '/home/ubuntu/node_modules/@rollup/rollup-freebsd-x64' ]
570 verbose reify failed optional dependency /home/ubuntu/node_modules/@rollup/rollup-freebsd-arm64
571 silly reify mark deleted [ '/home/ubuntu/node_modules/@rollup/rollup-freebsd-arm64' ]
572 verbose reify failed optional dependency /home/ubuntu/node_modules/@rollup/rollup-darwin-x64
573 silly reify mark deleted [ '/home/ubuntu/node_modules/@rollup/rollup-darwin-x64' ]
574 verbose reify failed optional dependency /home/ubuntu/node_modules/@rollup/rollup-darwin-arm64
575 silly reify mark deleted [ '/home/ubuntu/node_modules/@rollup/rollup-darwin-arm64' ]
576 verbose reify failed optional dependency /home/ubuntu/node_modules/@rollup/rollup-android-arm64
577 silly reify mark deleted [ '/home/ubuntu/node_modules/@rollup/rollup-android-arm64' ]
578 verbose reify failed optional dependency /home/ubuntu/node_modules/@rollup/rollup-android-arm-eabi
579 silly reify mark deleted [ '/home/ubuntu/node_modules/@rollup/rollup-android-arm-eabi' ]
580 verbose reify failed optional dependency /home/ubuntu/node_modules/@esbuild/win32-x64
581 silly reify mark deleted [ '/home/ubuntu/node_modules/@esbuild/win32-x64' ]
582 verbose reify failed optional dependency /home/ubuntu/node_modules/@esbuild/win32-ia32
583 silly reify mark deleted [ '/home/ubuntu/node_modules/@esbuild/win32-ia32' ]
584 verbose reify failed optional dependency /home/ubuntu/node_modules/@esbuild/win32-arm64
585 silly reify mark deleted [ '/home/ubuntu/node_modules/@esbuild/win32-arm64' ]
586 verbose reify failed optional dependency /home/ubuntu/node_modules/@esbuild/sunos-x64
587 silly reify mark deleted [ '/home/ubuntu/node_modules/@esbuild/sunos-x64' ]
588 verbose reify failed optional dependency /home/ubuntu/node_modules/@esbuild/openharmony-arm64
589 silly reify mark deleted [ '/home/ubuntu/node_modules/@esbuild/openharmony-arm64' ]
590 verbose reify failed optional dependency /home/ubuntu/node_modules/@esbuild/openbsd-x64
591 silly reify mark deleted [ '/home/ubuntu/node_modules/@esbuild/openbsd-x64' ]
592 verbose reify failed optional dependency /home/ubuntu/node_modules/@esbuild/openbsd-arm64
593 silly reify mark deleted [ '/home/ubuntu/node_modules/@esbuild/openbsd-arm64' ]
594 verbose reify failed optional dependency /home/ubuntu/node_modules/@esbuild/netbsd-x64
595 silly reify mark deleted [ '/home/ubuntu/node_modules/@esbuild/netbsd-x64' ]
596 verbose reify failed optional dependency /home/ubuntu/node_modules/@esbuild/netbsd-arm64
597 silly reify mark deleted [ '/home/ubuntu/node_modules/@esbuild/netbsd-arm64' ]
598 verbose reify failed optional dependency /home/ubuntu/node_modules/@esbuild/linux-x64
599 silly reify mark deleted [ '/home/ubuntu/node_modules/@esbuild/linux-x64' ]
600 verbose reify failed optional dependency /home/ubuntu/node_modules/@esbuild/linux-s390x
601 silly reify mark deleted [ '/home/ubuntu/node_modules/@esbuild/linux-s390x' ]
602 verbose reify failed optional dependency /home/ubuntu/node_modules/@esbuild/linux-riscv64
603 silly reify mark deleted [ '/home/ubuntu/node_modules/@esbuild/linux-riscv64' ]
604 verbose reify failed optional dependency /home/ubuntu/node_modules/@esbuild/linux-ppc64
605 silly reify mark deleted [ '/home/ubuntu/node_modules/@esbuild/linux-ppc64' ]
606 verbose reify failed optional dependency /home/ubuntu/node_modules/@esbuild/linux-mips64el
607 silly reify mark deleted [ '/home/ubuntu/node_modules/@esbuild/linux-mips64el' ]
608 verbose reify failed optional dependency /home/ubuntu/node_modules/@esbuild/linux-loong64
609 silly reify mark deleted [ '/home/ubuntu/node_modules/@esbuild/linux-loong64' ]
610 verbose reify failed optional dependency /home/ubuntu/node_modules/@esbuild/linux-ia32
611 silly reify mark deleted [ '/home/ubuntu/node_modules/@esbuild/linux-ia32' ]
612 verbose reify failed optional dependency /home/ubuntu/node_modules/@esbuild/linux-arm
613 silly reify mark deleted [ '/home/ubuntu/node_modules/@esbuild/linux-arm' ]
614 verbose reify failed optional dependency /home/ubuntu/node_modules/@esbuild/freebsd-x64
615 silly reify mark deleted [ '/home/ubuntu/node_modules/@esbuild/freebsd-x64' ]
616 verbose reify failed optional dependency /home/ubuntu/node_modules/@esbuild/freebsd-arm64
617 silly reify mark deleted [ '/home/ubuntu/node_modules/@esbuild/freebsd-arm64' ]
618 verbose reify failed optional dependency /home/ubuntu/node_modules/@esbuild/darwin-x64
619 silly reify mark deleted [ '/home/ubuntu/node_modules/@esbuild/darwin-x64' ]
620 verbose reify failed optional dependency /home/ubuntu/node_modules/@esbuild/darwin-arm64
621 silly reify mark deleted [ '/home/ubuntu/node_modules/@esbuild/darwin-arm64' ]
622 verbose reify failed optional dependency /home/ubuntu/node_modules/@esbuild/android-x64
623 silly reify mark deleted [ '/home/ubuntu/node_modules/@esbuild/android-x64' ]
624 verbose reify failed optional dependency /home/ubuntu/node_modules/@esbuild/android-arm64
625 silly reify mark deleted [ '/home/ubuntu/node_modules/@esbuild/android-arm64' ]
626 verbose reify failed optional dependency /home/ubuntu/node_modules/@esbuild/android-arm
627 silly reify mark deleted [ '/home/ubuntu/node_modules/@esbuild/android-arm' ]
628 verbose reify failed optional dependency /home/ubuntu/node_modules/@esbuild/aix-ppc64
629 silly reify mark deleted [ '/home/ubuntu/node_modules/@esbuild/aix-ppc64' ]
630 silly tarball no local data for fdir@https://registry.npmjs.org/fdir/-/fdir-6.5.0.tgz. Extracting by manifest.
631 silly tarball no local data for thenify@https://registry.npmjs.org/thenify/-/thenify-3.3.1.tgz. Extracting by manifest.
632 silly tarball no local data for thenify-all@https://registry.npmjs.org/thenify-all/-/thenify-all-1.6.0.tgz. Extracting by manifest.
633 silly tarball no local data for any-promise@https://registry.npmjs.org/any-promise/-/any-promise-1.3.0.tgz. Extracting by manifest.
634 silly tarball no local data for picomatch@https://registry.npmjs.org/picomatch/-/picomatch-4.0.4.tgz. Extracting by manifest.
635 silly tarball no local data for @jridgewell/resolve-uri@https://registry.npmjs.org/@jridgewell/resolve-uri/-/resolve-uri-3.1.2.tgz. Extracting by manifest.
636 silly tarball no local data for @jridgewell/trace-mapping@https://registry.npmjs.org/@jridgewell/trace-mapping/-/trace-mapping-0.3.31.tgz. Extracting by manifest.
637 silly tarball no local data for ts-interface-checker@https://registry.npmjs.org/ts-interface-checker/-/ts-interface-checker-0.1.13.tgz. Extracting by manifest.
638 silly tarball no local data for pirates@https://registry.npmjs.org/pirates/-/pirates-4.0.7.tgz. Extracting by manifest.
639 silly tarball no local data for mz@https://registry.npmjs.org/mz/-/mz-2.7.0.tgz. Extracting by manifest.
640 silly tarball no local data for lines-and-columns@https://registry.npmjs.org/lines-and-columns/-/lines-and-columns-1.2.4.tgz. Extracting by manifest.
641 silly tarball no local data for commander@https://registry.npmjs.org/commander/-/commander-4.1.1.tgz. Extracting by manifest.
642 silly tarball no local data for @jridgewell/gen-mapping@https://registry.npmjs.org/@jridgewell/gen-mapping/-/gen-mapping-0.3.13.tgz. Extracting by manifest.
643 silly tarball no local data for @types/estree@https://registry.npmjs.org/@types/estree/-/estree-1.0.9.tgz. Extracting by manifest.
644 silly tarball no local data for @rollup/rollup-linux-arm64-gnu@https://registry.npmjs.org/@rollup/rollup-linux-arm64-gnu/-/rollup-linux-arm64-gnu-4.61.1.tgz. Extracting by manifest.
645 silly tarball no local data for lilconfig@https://registry.npmjs.org/lilconfig/-/lilconfig-3.1.3.tgz. Extracting by manifest.
646 silly tarball no local data for confbox@https://registry.npmjs.org/confbox/-/confbox-0.1.8.tgz. Extracting by manifest.
647 silly tarball no local data for ufo@https://registry.npmjs.org/ufo/-/ufo-1.6.4.tgz. Extracting by manifest.
648 silly tarball no local data for acorn@https://registry.npmjs.org/acorn/-/acorn-8.16.0.tgz. Extracting by manifest.
649 silly tarball no local data for pkg-types@https://registry.npmjs.org/pkg-types/-/pkg-types-1.3.1.tgz. Extracting by manifest.
650 silly tarball no local data for @jridgewell/sourcemap-codec@https://registry.npmjs.org/@jridgewell/sourcemap-codec/-/sourcemap-codec-1.5.5.tgz. Extracting by manifest.
651 silly tarball no local data for magic-string@https://registry.npmjs.org/magic-string/-/magic-string-0.30.21.tgz. Extracting by manifest.
652 silly tarball no local data for mlly@https://registry.npmjs.org/mlly/-/mlly-1.8.2.tgz. Extracting by manifest.
653 silly tarball no local data for readdirp@https://registry.npmjs.org/readdirp/-/readdirp-4.1.2.tgz. Extracting by manifest.
654 silly tarball no local data for pathe@https://registry.npmjs.org/pathe/-/pathe-2.0.3.tgz. Extracting by manifest.
655 silly tarball no local data for @esbuild/linux-arm64@https://registry.npmjs.org/@esbuild/linux-arm64/-/linux-arm64-0.27.7.tgz. Extracting by manifest.
656 silly tarball no local data for load-tsconfig@https://registry.npmjs.org/load-tsconfig/-/load-tsconfig-0.2.5.tgz. Extracting by manifest.
657 silly tarball no local data for tinyglobby@https://registry.npmjs.org/tinyglobby/-/tinyglobby-0.2.17.tgz. Extracting by manifest.
658 silly tarball no local data for tinyexec@https://registry.npmjs.org/tinyexec/-/tinyexec-0.3.2.tgz. Extracting by manifest.
659 silly tarball no local data for sucrase@https://registry.npmjs.org/sucrase/-/sucrase-3.35.1.tgz. Extracting by manifest.
660 silly tarball no local data for source-map@https://registry.npmjs.org/source-map/-/source-map-0.7.6.tgz. Extracting by manifest.
661 silly tarball no local data for rollup@https://registry.npmjs.org/rollup/-/rollup-4.61.1.tgz. Extracting by manifest.
662 silly tarball no local data for resolve-from@https://registry.npmjs.org/resolve-from/-/resolve-from-5.0.0.tgz. Extracting by manifest.
663 silly tarball no local data for postcss-load-config@https://registry.npmjs.org/postcss-load-config/-/postcss-load-config-6.0.1.tgz. Extracting by manifest.
664 silly tarball no local data for picocolors@https://registry.npmjs.org/picocolors/-/picocolors-1.1.1.tgz. Extracting by manifest.
665 silly tarball no local data for tree-kill@https://registry.npmjs.org/tree-kill/-/tree-kill-1.2.2.tgz. Extracting by manifest.
666 silly tarball no local data for joycon@https://registry.npmjs.org/joycon/-/joycon-3.1.1.tgz. Extracting by manifest.
667 silly tarball no local data for fix-dts-default-cjs-exports@https://registry.npmjs.org/fix-dts-default-cjs-exports/-/fix-dts-default-cjs-exports-1.0.1.tgz. Extracting by manifest.
668 silly tarball no local data for consola@https://registry.npmjs.org/consola/-/consola-3.4.2.tgz. Extracting by manifest.
669 silly tarball no local data for chokidar@https://registry.npmjs.org/chokidar/-/chokidar-4.0.3.tgz. Extracting by manifest.
670 silly tarball no local data for esbuild@https://registry.npmjs.org/esbuild/-/esbuild-0.27.7.tgz. Extracting by manifest.
671 silly tarball no local data for cac@https://registry.npmjs.org/cac/-/cac-6.7.14.tgz. Extracting by manifest.
672 silly tarball no local data for bundle-require@https://registry.npmjs.org/bundle-require/-/bundle-require-5.1.0.tgz. Extracting by manifest.
673 silly tarball no local data for typescript@https://registry.npmjs.org/typescript/-/typescript-5.9.3.tgz. Extracting by manifest.
674 silly tarball no local data for tsup@https://registry.npmjs.org/tsup/-/tsup-8.5.1.tgz. Extracting by manifest.
675 silly tarball no local data for debug@https://registry.npmjs.org/debug/-/debug-4.4.3.tgz. Extracting by manifest.
676 http fetch POST 200 https://registry.npmjs.org/-/npm/v1/security/advisories/bulk 349ms
677 silly audit report {}
678 http fetch GET 200 https://registry.npmjs.org/fdir/-/fdir-6.5.0.tgz 403ms (cache miss)
679 http fetch GET 200 https://registry.npmjs.org/thenify/-/thenify-3.3.1.tgz 425ms (cache miss)
680 http fetch GET 200 https://registry.npmjs.org/lilconfig/-/lilconfig-3.1.3.tgz 415ms (cache miss)
681 http fetch GET 200 https://registry.npmjs.org/pirates/-/pirates-4.0.7.tgz 457ms (cache miss)
682 http fetch GET 200 https://registry.npmjs.org/thenify-all/-/thenify-all-1.6.0.tgz 470ms (cache miss)
683 http fetch GET 200 https://registry.npmjs.org/mz/-/mz-2.7.0.tgz 483ms (cache miss)
684 http fetch GET 200 https://registry.npmjs.org/joycon/-/joycon-3.1.1.tgz 465ms (cache miss)
685 http fetch GET 200 https://registry.npmjs.org/lines-and-columns/-/lines-and-columns-1.2.4.tgz 489ms (cache miss)
686 http fetch GET 200 https://registry.npmjs.org/load-tsconfig/-/load-tsconfig-0.2.5.tgz 479ms (cache miss)
687 http fetch GET 200 https://registry.npmjs.org/@types/estree/-/estree-1.0.9.tgz 493ms (cache miss)
688 http fetch GET 200 https://registry.npmjs.org/postcss-load-config/-/postcss-load-config-6.0.1.tgz 483ms (cache miss)
689 http fetch GET 200 https://registry.npmjs.org/resolve-from/-/resolve-from-5.0.0.tgz 488ms (cache miss)
690 http fetch GET 200 https://registry.npmjs.org/picocolors/-/picocolors-1.1.1.tgz 487ms (cache miss)
691 http fetch GET 200 https://registry.npmjs.org/tree-kill/-/tree-kill-1.2.2.tgz 486ms (cache miss)
692 http fetch GET 200 https://registry.npmjs.org/ufo/-/ufo-1.6.4.tgz 503ms (cache miss)
693 http fetch GET 200 https://registry.npmjs.org/@jridgewell/resolve-uri/-/resolve-uri-3.1.2.tgz 517ms (cache miss)
694 http fetch GET 200 https://registry.npmjs.org/esbuild/-/esbuild-0.27.7.tgz 499ms (cache miss)
695 http fetch GET 200 https://registry.npmjs.org/tinyglobby/-/tinyglobby-0.2.17.tgz 515ms (cache miss)
696 http fetch GET 200 https://registry.npmjs.org/pkg-types/-/pkg-types-1.3.1.tgz 524ms (cache miss)
697 http fetch GET 200 https://registry.npmjs.org/readdirp/-/readdirp-4.1.2.tgz 522ms (cache miss)
698 http fetch GET 200 https://registry.npmjs.org/bundle-require/-/bundle-require-5.1.0.tgz 505ms (cache miss)
699 http fetch GET 200 https://registry.npmjs.org/ts-interface-checker/-/ts-interface-checker-0.1.13.tgz 544ms (cache miss)
700 http fetch GET 200 https://registry.npmjs.org/mlly/-/mlly-1.8.2.tgz 535ms (cache miss)
701 http fetch GET 200 https://registry.npmjs.org/pathe/-/pathe-2.0.3.tgz 539ms (cache miss)
702 http fetch GET 200 https://registry.npmjs.org/tinyexec/-/tinyexec-0.3.2.tgz 539ms (cache miss)
703 http fetch GET 200 https://registry.npmjs.org/fix-dts-default-cjs-exports/-/fix-dts-default-cjs-exports-1.0.1.tgz 542ms (cache miss)
704 http fetch GET 200 https://registry.npmjs.org/debug/-/debug-4.4.3.tgz 542ms (cache miss)
705 http fetch GET 200 https://registry.npmjs.org/commander/-/commander-4.1.1.tgz 581ms (cache miss)
706 http fetch GET 200 https://registry.npmjs.org/any-promise/-/any-promise-1.3.0.tgz 589ms (cache miss)
707 http fetch GET 200 https://registry.npmjs.org/picomatch/-/picomatch-4.0.4.tgz 594ms (cache miss)
708 http fetch GET 200 https://registry.npmjs.org/cac/-/cac-6.7.14.tgz 567ms (cache miss)
709 http fetch GET 200 https://registry.npmjs.org/@jridgewell/sourcemap-codec/-/sourcemap-codec-1.5.5.tgz 596ms (cache miss)
710 http fetch GET 200 https://registry.npmjs.org/chokidar/-/chokidar-4.0.3.tgz 578ms (cache miss)
711 http fetch GET 200 https://registry.npmjs.org/@jridgewell/gen-mapping/-/gen-mapping-0.3.13.tgz 614ms (cache miss)
712 http fetch GET 200 https://registry.npmjs.org/confbox/-/confbox-0.1.8.tgz 621ms (cache miss)
713 http fetch GET 200 https://registry.npmjs.org/source-map/-/source-map-0.7.6.tgz 618ms (cache miss)
714 http fetch GET 200 https://registry.npmjs.org/magic-string/-/magic-string-0.30.21.tgz 630ms (cache miss)
715 http fetch GET 200 https://registry.npmjs.org/tsup/-/tsup-8.5.1.tgz 620ms (cache miss)
716 http fetch GET 200 https://registry.npmjs.org/@jridgewell/trace-mapping/-/trace-mapping-0.3.31.tgz 657ms (cache miss)
717 http fetch GET 200 https://registry.npmjs.org/consola/-/consola-3.4.2.tgz 631ms (cache miss)
718 http fetch GET 200 https://registry.npmjs.org/acorn/-/acorn-8.16.0.tgz 653ms (cache miss)
719 http fetch GET 200 https://registry.npmjs.org/@rollup/rollup-linux-arm64-gnu/-/rollup-linux-arm64-gnu-4.61.1.tgz 679ms (cache miss)
720 http fetch GET 200 https://registry.npmjs.org/rollup/-/rollup-4.61.1.tgz 727ms (cache miss)
721 http fetch GET 200 https://registry.npmjs.org/sucrase/-/sucrase-3.35.1.tgz 766ms (cache miss)
722 http fetch GET 200 https://registry.npmjs.org/@esbuild/linux-arm64/-/linux-arm64-0.27.7.tgz 852ms (cache miss)
723 http fetch GET 200 https://registry.npmjs.org/typescript/-/typescript-5.9.3.tgz 931ms (cache miss)
724 info run esbuild@0.27.7 postinstall node_modules/esbuild node install.js
725 info run esbuild@0.27.7 postinstall { code: 0, signal: null }
726 silly ADD node_modules/picomatch
727 silly ADD node_modules/fdir
728 silly ADD node_modules/thenify
729 silly ADD node_modules/thenify-all
730 silly ADD node_modules/any-promise
731 silly ADD node_modules/@jridgewell/resolve-uri
732 silly ADD node_modules/@jridgewell/trace-mapping
733 silly ADD node_modules/ts-interface-checker
734 silly ADD node_modules/pirates
735 silly ADD node_modules/mz
736 silly ADD node_modules/lines-and-columns
737 silly ADD node_modules/commander
738 silly ADD node_modules/@jridgewell/gen-mapping
739 silly ADD
740 silly ADD node_modules/@types/estree
741 silly ADD
742 silly ADD
743 silly ADD
744 silly ADD
745 silly ADD
746 silly ADD
747 silly ADD
748 silly ADD
749 silly ADD
750 silly ADD
751 silly ADD
752 silly ADD
753 silly ADD
754 silly ADD
755 silly ADD
756 silly ADD
757 silly ADD node_modules/@rollup/rollup-linux-arm64-gnu
758 silly ADD
759 silly ADD
760 silly ADD
761 silly ADD
762 silly ADD
763 silly ADD
764 silly ADD
765 silly ADD
766 silly ADD node_modules/lilconfig
767 silly ADD node_modules/confbox
768 silly ADD node_modules/ufo
769 silly ADD node_modules/pkg-types
770 silly ADD node_modules/pathe
771 silly ADD node_modules/acorn
772 silly ADD node_modules/@jridgewell/sourcemap-codec
773 silly ADD node_modules/mlly
774 silly ADD node_modules/magic-string
775 silly ADD
776 silly ADD
777 silly ADD
778 silly ADD
779 silly ADD
780 silly ADD
781 silly ADD
782 silly ADD
783 silly ADD
784 silly ADD
785 silly ADD
786 silly ADD
787 silly ADD
788 silly ADD
789 silly ADD
790 silly ADD
791 silly ADD node_modules/@esbuild/linux-arm64
792 silly ADD
793 silly ADD
794 silly ADD
795 silly ADD
796 silly ADD
797 silly ADD
798 silly ADD
799 silly ADD
800 silly ADD
801 silly ADD node_modules/readdirp
802 silly ADD node_modules/load-tsconfig
803 silly ADD node_modules/tree-kill
804 silly ADD node_modules/tinyglobby
805 silly ADD node_modules/tinyexec
806 silly ADD node_modules/sucrase
807 silly ADD node_modules/source-map
808 silly ADD node_modules/rollup
809 silly ADD node_modules/resolve-from
810 silly ADD node_modules/postcss-load-config
811 silly ADD node_modules/picocolors
812 silly ADD node_modules/joycon
813 silly ADD node_modules/fix-dts-default-cjs-exports
814 silly ADD node_modules/consola
815 silly ADD node_modules/chokidar
816 silly ADD node_modules/cac
817 silly ADD node_modules/esbuild
818 silly ADD node_modules/bundle-require
819 silly ADD node_modules/typescript
820 silly ADD node_modules/tsup
821 silly ADD node_modules/tsup/node_modules/ms
822 silly ADD node_modules/tsup/node_modules/debug
823 silly ADD node_modules/@esggo/shared
824 verbose cwd /home/ubuntu
825 verbose os Linux 6.17.0-1010-oracle
826 verbose node v20.20.2
827 verbose npm  v10.8.2
828 verbose exit 0
829 info ok
