0 verbose cli /usr/bin/node /usr/bin/npm
1 info using npm@10.8.2
2 info using node@v20.20.2
3 silly config load:file:/usr/lib/node_modules/npm/npmrc
4 silly config load:file:/home/ubuntu/.npmrc
5 silly config load:file:/usr/etc/npmrc
6 verbose title npm run start
7 verbose argv "run" "start" "--workspace" "apps/gateway"
8 verbose logfile logs-max:10 dir:/home/ubuntu/.npm/_logs/2026-06-11T04_36_04_700Z-
9 verbose logfile /home/ubuntu/.npm/_logs/2026-06-11T04_36_04_700Z-debug-0.log
10 silly logfile done cleaning log files
11 verbose stack Error: command failed
11 verbose stack     at promiseSpawn (/usr/lib/node_modules/npm/node_modules/@npmcli/promise-spawn/lib/index.js:22:22)
11 verbose stack     at spawnWithShell (/usr/lib/node_modules/npm/node_modules/@npmcli/promise-spawn/lib/index.js:124:10)
11 verbose stack     at promiseSpawn (/usr/lib/node_modules/npm/node_modules/@npmcli/promise-spawn/lib/index.js:12:12)
11 verbose stack     at runScriptPkg (/usr/lib/node_modules/npm/node_modules/@npmcli/run-script/lib/run-script-pkg.js:77:13)
11 verbose stack     at runScript (/usr/lib/node_modules/npm/node_modules/@npmcli/run-script/lib/run-script.js:9:12)
11 verbose stack     at #run (/usr/lib/node_modules/npm/lib/commands/run-script.js:130:13)
11 verbose stack     at RunScript.execWorkspaces (/usr/lib/node_modules/npm/lib/commands/run-script.js:62:24)
11 verbose stack     at async Npm.exec (/usr/lib/node_modules/npm/lib/npm.js:207:9)
11 verbose stack     at async module.exports (/usr/lib/node_modules/npm/lib/cli/entry.js:74:5)
12 verbose pkgid omniagent-vps-gateway@2.0.0
13 error Lifecycle script `start` failed with error:
14 error code 1
15 error path /home/ubuntu/apps/gateway
16 error workspace omniagent-vps-gateway@2.0.0
17 error location /home/ubuntu/apps/gateway
18 error command failed
19 error command sh -c node omni-server.mjs
20 verbose cwd /home/ubuntu
21 verbose os Linux 6.17.0-1010-oracle
22 verbose node v20.20.2
23 verbose npm  v10.8.2
24 verbose exit 1
25 verbose code 1
