0 verbose cli /usr/bin/node /usr/bin/npm
1 info using npm@10.8.2
2 info using node@v20.20.2
3 silly config load:file:/usr/lib/node_modules/npm/npmrc
4 silly config load:file:/home/ubuntu/.npmrc
5 silly config load:file:/usr/etc/npmrc
6 verbose title npm install
7 verbose argv "install"
8 verbose logfile logs-max:10 dir:/home/ubuntu/.npm/_logs/2026-06-11T04_31_58_506Z-
9 verbose logfile /home/ubuntu/.npm/_logs/2026-06-11T04_31_58_506Z-debug-0.log
10 silly packumentCache heap:4345298944 maxSize:1086324736 maxEntrySize:543162368
11 silly logfile done cleaning log files
12 silly idealTree buildDeps
13 silly placeDep ROOT omniagent-vps-gateway@2.0.0 OK for: esggo-monorepo@1.0.0 want: file:/home/ubuntu/apps/gateway
14 silly fetch manifest express@^4.19.2
15 silly packumentCache full:https://registry.npmjs.org/express cache-miss
16 http fetch GET 200 https://registry.npmjs.org/npm 173ms
17 http fetch GET 200 https://registry.npmjs.org/express 115ms (cache miss)
18 silly packumentCache full:https://registry.npmjs.org/express set size:undefined disposed:false
19 silly fetch manifest cors@^2.8.5
20 silly packumentCache full:https://registry.npmjs.org/cors cache-miss
21 http fetch GET 200 https://registry.npmjs.org/cors 35ms (cache miss)
22 silly packumentCache full:https://registry.npmjs.org/cors set size:undefined disposed:false
23 silly fetch manifest @google/generative-ai@^0.21.0
24 silly packumentCache full:https://registry.npmjs.org/@google%2fgenerative-ai cache-miss
25 http fetch GET 200 https://registry.npmjs.org/@google%2fgenerative-ai 64ms (cache miss)
26 silly packumentCache full:https://registry.npmjs.org/@google%2fgenerative-ai set size:undefined disposed:false
27 silly fetch manifest helmet@^7.1.0
28 silly packumentCache full:https://registry.npmjs.org/helmet cache-miss
29 http fetch GET 200 https://registry.npmjs.org/helmet 39ms (cache miss)
30 silly packumentCache full:https://registry.npmjs.org/helmet set size:undefined disposed:false
31 silly fetch manifest express-rate-limit@^7.3.1
32 silly packumentCache full:https://registry.npmjs.org/express-rate-limit cache-miss
33 http fetch GET 200 https://registry.npmjs.org/express-rate-limit 46ms (cache miss)
34 silly packumentCache full:https://registry.npmjs.org/express-rate-limit set size:undefined disposed:false
35 silly fetch manifest dotenv@^16.4.5
36 silly packumentCache full:https://registry.npmjs.org/dotenv cache-miss
37 http fetch GET 200 https://registry.npmjs.org/dotenv 37ms (cache miss)
38 silly packumentCache full:https://registry.npmjs.org/dotenv set size:undefined disposed:false
39 silly placeDep ROOT @google/generative-ai@0.21.0 OK for: omniagent-vps-gateway@2.0.0 want: ^0.21.0
40 silly placeDep ROOT cors@2.8.6 OK for: omniagent-vps-gateway@2.0.0 want: ^2.8.5
41 silly placeDep ROOT dotenv@16.6.1 OK for: omniagent-vps-gateway@2.0.0 want: ^16.4.5
42 silly placeDep ROOT express@4.22.2 OK for: omniagent-vps-gateway@2.0.0 want: ^4.19.2
43 silly placeDep ROOT express-rate-limit@7.5.1 OK for: omniagent-vps-gateway@2.0.0 want: ^7.3.1
44 silly placeDep ROOT helmet@7.2.0 OK for: omniagent-vps-gateway@2.0.0 want: ^7.1.0
45 silly fetch manifest object-assign@^4
46 silly packumentCache full:https://registry.npmjs.org/object-assign cache-miss
47 silly fetch manifest vary@^1
48 silly packumentCache full:https://registry.npmjs.org/vary cache-miss
49 silly fetch manifest qs@~6.15.1
50 silly packumentCache full:https://registry.npmjs.org/qs cache-miss
51 http fetch GET 200 https://registry.npmjs.org/vary 32ms (cache miss)
52 silly packumentCache full:https://registry.npmjs.org/vary set size:undefined disposed:false
53 silly fetch manifest depd@2.0.0
54 silly packumentCache full:https://registry.npmjs.org/depd cache-miss
55 http fetch GET 200 https://registry.npmjs.org/object-assign 40ms (cache miss)
56 silly packumentCache full:https://registry.npmjs.org/object-assign set size:undefined disposed:false
57 silly fetch manifest etag@~1.8.1
58 silly packumentCache full:https://registry.npmjs.org/etag cache-miss
59 http fetch GET 200 https://registry.npmjs.org/depd 28ms (cache miss)
60 silly packumentCache full:https://registry.npmjs.org/depd set size:undefined disposed:false
61 silly fetch manifest send@~0.19.0
62 silly packumentCache full:https://registry.npmjs.org/send cache-miss
63 http fetch GET 200 https://registry.npmjs.org/etag 37ms (cache miss)
64 silly packumentCache full:https://registry.npmjs.org/etag set size:undefined disposed:false
65 silly fetch manifest vary@~1.1.2
66 silly packumentCache full:https://registry.npmjs.org/vary cache-miss
67 http fetch GET 200 https://registry.npmjs.org/vary 9ms (cache hit)
68 silly packumentCache full:https://registry.npmjs.org/vary set size:15994 disposed:false
69 silly fetch manifest debug@2.6.9
70 silly packumentCache full:https://registry.npmjs.org/debug cache-miss
71 http fetch GET 200 https://registry.npmjs.org/qs 95ms (cache miss)
72 silly packumentCache full:https://registry.npmjs.org/qs set size:undefined disposed:false
73 silly fetch manifest fresh@~0.5.2
74 silly packumentCache full:https://registry.npmjs.org/fresh cache-miss
75 http fetch GET 200 https://registry.npmjs.org/send 41ms (cache miss)
76 silly packumentCache full:https://registry.npmjs.org/send set size:undefined disposed:false
77 silly fetch manifest cookie@~0.7.1
78 silly packumentCache full:https://registry.npmjs.org/cookie cache-miss
79 http fetch GET 200 https://registry.npmjs.org/fresh 33ms (cache miss)
80 silly packumentCache full:https://registry.npmjs.org/fresh set size:undefined disposed:false
81 silly fetch manifest accepts@~1.3.8
82 silly packumentCache full:https://registry.npmjs.org/accepts cache-miss
83 http fetch GET 200 https://registry.npmjs.org/cookie 31ms (cache miss)
84 silly packumentCache full:https://registry.npmjs.org/cookie set size:undefined disposed:false
85 silly fetch manifest methods@~1.1.2
86 silly packumentCache full:https://registry.npmjs.org/methods cache-miss
87 http fetch GET 200 https://registry.npmjs.org/debug 58ms (cache miss)
88 silly packumentCache full:https://registry.npmjs.org/debug set size:undefined disposed:false
89 silly fetch manifest type-is@~1.6.18
90 silly packumentCache full:https://registry.npmjs.org/type-is cache-miss
91 http fetch GET 200 https://registry.npmjs.org/methods 29ms (cache miss)
92 silly packumentCache full:https://registry.npmjs.org/methods set size:undefined disposed:false
93 silly fetch manifest parseurl@~1.3.3
94 silly packumentCache full:https://registry.npmjs.org/parseurl cache-miss
95 http fetch GET 200 https://registry.npmjs.org/accepts 40ms (cache miss)
96 silly packumentCache full:https://registry.npmjs.org/accepts set size:undefined disposed:false
97 silly fetch manifest statuses@~2.0.1
98 silly packumentCache full:https://registry.npmjs.org/statuses cache-miss
99 http fetch GET 200 https://registry.npmjs.org/type-is 45ms (cache miss)
100 silly packumentCache full:https://registry.npmjs.org/type-is set size:undefined disposed:false
101 silly fetch manifest encodeurl@~2.0.0
102 silly packumentCache full:https://registry.npmjs.org/encodeurl cache-miss
103 http fetch GET 200 https://registry.npmjs.org/parseurl 31ms (cache miss)
104 silly packumentCache full:https://registry.npmjs.org/parseurl set size:undefined disposed:false
105 silly fetch manifest proxy-addr@~2.0.7
106 silly packumentCache full:https://registry.npmjs.org/proxy-addr cache-miss
107 http fetch GET 200 https://registry.npmjs.org/statuses 33ms (cache miss)
108 silly packumentCache full:https://registry.npmjs.org/statuses set size:undefined disposed:false
109 silly fetch manifest body-parser@~1.20.5
110 silly packumentCache full:https://registry.npmjs.org/body-parser cache-miss
111 http fetch GET 200 https://registry.npmjs.org/proxy-addr 28ms (cache miss)
112 silly packumentCache full:https://registry.npmjs.org/proxy-addr set size:undefined disposed:false
113 silly fetch manifest escape-html@~1.0.3
114 silly packumentCache full:https://registry.npmjs.org/escape-html cache-miss
115 http fetch GET 200 https://registry.npmjs.org/encodeurl 51ms (cache miss)
116 silly packumentCache full:https://registry.npmjs.org/encodeurl set size:undefined disposed:false
117 silly fetch manifest http-errors@~2.0.0
118 silly packumentCache full:https://registry.npmjs.org/http-errors cache-miss
119 http fetch GET 200 https://registry.npmjs.org/body-parser 40ms (cache miss)
120 silly packumentCache full:https://registry.npmjs.org/body-parser set size:undefined disposed:false
121 silly fetch manifest on-finished@~2.4.1
122 silly packumentCache full:https://registry.npmjs.org/on-finished cache-miss
123 http fetch GET 200 https://registry.npmjs.org/escape-html 29ms (cache miss)
124 silly packumentCache full:https://registry.npmjs.org/escape-html set size:undefined disposed:false
125 silly fetch manifest safe-buffer@5.2.1
126 silly packumentCache full:https://registry.npmjs.org/safe-buffer cache-miss
127 http fetch GET 200 https://registry.npmjs.org/http-errors 32ms (cache miss)
128 silly packumentCache full:https://registry.npmjs.org/http-errors set size:undefined disposed:false
129 silly fetch manifest utils-merge@1.0.1
130 silly packumentCache full:https://registry.npmjs.org/utils-merge cache-miss
131 http fetch GET 200 https://registry.npmjs.org/safe-buffer 30ms (cache miss)
132 silly packumentCache full:https://registry.npmjs.org/safe-buffer set size:undefined disposed:false
133 silly fetch manifest content-type@~1.0.4
134 silly packumentCache full:https://registry.npmjs.org/content-type cache-miss
135 http fetch GET 200 https://registry.npmjs.org/on-finished 39ms (cache miss)
136 silly packumentCache full:https://registry.npmjs.org/on-finished set size:undefined disposed:false
137 silly fetch manifest finalhandler@~1.3.1
138 silly packumentCache full:https://registry.npmjs.org/finalhandler cache-miss
139 http fetch GET 200 https://registry.npmjs.org/utils-merge 35ms (cache miss)
140 silly packumentCache full:https://registry.npmjs.org/utils-merge set size:undefined disposed:false
141 silly fetch manifest range-parser@~1.2.1
142 silly packumentCache full:https://registry.npmjs.org/range-parser cache-miss
143 http fetch GET 200 https://registry.npmjs.org/content-type 28ms (cache miss)
144 silly packumentCache full:https://registry.npmjs.org/content-type set size:undefined disposed:false
145 silly fetch manifest serve-static@~1.16.2
146 silly packumentCache full:https://registry.npmjs.org/serve-static cache-miss
147 http fetch GET 200 https://registry.npmjs.org/finalhandler 35ms (cache miss)
148 silly packumentCache full:https://registry.npmjs.org/finalhandler set size:undefined disposed:false
149 silly fetch manifest array-flatten@1.1.1
150 silly packumentCache full:https://registry.npmjs.org/array-flatten cache-miss
151 http fetch GET 200 https://registry.npmjs.org/range-parser 37ms (cache miss)
152 silly packumentCache full:https://registry.npmjs.org/range-parser set size:undefined disposed:false
153 silly fetch manifest path-to-regexp@~0.1.12
154 silly packumentCache full:https://registry.npmjs.org/path-to-regexp cache-miss
155 http fetch GET 200 https://registry.npmjs.org/serve-static 45ms (cache miss)
156 silly packumentCache full:https://registry.npmjs.org/serve-static set size:undefined disposed:false
157 silly fetch manifest setprototypeof@1.2.0
158 silly packumentCache full:https://registry.npmjs.org/setprototypeof cache-miss
159 http fetch GET 200 https://registry.npmjs.org/array-flatten 37ms (cache miss)
160 silly packumentCache full:https://registry.npmjs.org/array-flatten set size:undefined disposed:false
161 silly fetch manifest cookie-signature@~1.0.6
162 silly packumentCache full:https://registry.npmjs.org/cookie-signature cache-miss
163 http fetch GET 200 https://registry.npmjs.org/setprototypeof 32ms (cache miss)
164 silly packumentCache full:https://registry.npmjs.org/setprototypeof set size:undefined disposed:false
165 silly fetch manifest merge-descriptors@1.0.3
166 silly packumentCache full:https://registry.npmjs.org/merge-descriptors cache-miss
167 http fetch GET 200 https://registry.npmjs.org/path-to-regexp 46ms (cache miss)
168 silly packumentCache full:https://registry.npmjs.org/path-to-regexp set size:undefined disposed:false
169 silly fetch manifest content-disposition@~0.5.4
170 silly packumentCache full:https://registry.npmjs.org/content-disposition cache-miss
171 http fetch GET 200 https://registry.npmjs.org/cookie-signature 40ms (cache miss)
172 silly packumentCache full:https://registry.npmjs.org/cookie-signature set size:undefined disposed:false
173 http fetch GET 200 https://registry.npmjs.org/merge-descriptors 30ms (cache miss)
174 silly packumentCache full:https://registry.npmjs.org/merge-descriptors set size:undefined disposed:false
175 http fetch GET 200 https://registry.npmjs.org/content-disposition 31ms (cache miss)
176 silly packumentCache full:https://registry.npmjs.org/content-disposition set size:undefined disposed:false
177 silly placeDep ROOT object-assign@4.1.1 OK for: cors@2.8.6 want: ^4
178 silly placeDep ROOT vary@1.1.2 OK for: cors@2.8.6 want: ^1
179 silly placeDep ROOT accepts@1.3.8 OK for: express@4.22.2 want: ~1.3.8
180 silly placeDep ROOT array-flatten@1.1.1 OK for: express@4.22.2 want: 1.1.1
181 silly placeDep ROOT body-parser@1.20.5 OK for: express@4.22.2 want: ~1.20.5
182 silly placeDep ROOT content-disposition@0.5.4 OK for: express@4.22.2 want: ~0.5.4
183 silly placeDep ROOT content-type@1.0.5 OK for: express@4.22.2 want: ~1.0.4
184 silly placeDep ROOT cookie@0.7.2 OK for: express@4.22.2 want: ~0.7.1
185 silly placeDep ROOT cookie-signature@1.0.7 OK for: express@4.22.2 want: ~1.0.6
186 silly placeDep ROOT debug@2.6.9 OK for: express@4.22.2 want: 2.6.9
187 silly placeDep ROOT depd@2.0.0 OK for: express@4.22.2 want: 2.0.0
188 silly placeDep ROOT encodeurl@2.0.0 OK for: express@4.22.2 want: ~2.0.0
189 silly placeDep ROOT escape-html@1.0.3 OK for: express@4.22.2 want: ~1.0.3
190 silly placeDep ROOT etag@1.8.1 OK for: express@4.22.2 want: ~1.8.1
191 silly placeDep ROOT finalhandler@1.3.2 OK for: express@4.22.2 want: ~1.3.1
192 silly placeDep ROOT fresh@0.5.2 OK for: express@4.22.2 want: ~0.5.2
193 silly placeDep ROOT http-errors@2.0.1 OK for: express@4.22.2 want: ~2.0.0
194 silly placeDep ROOT merge-descriptors@1.0.3 OK for: express@4.22.2 want: 1.0.3
195 silly placeDep ROOT methods@1.1.2 OK for: express@4.22.2 want: ~1.1.2
196 silly placeDep ROOT on-finished@2.4.1 OK for: express@4.22.2 want: ~2.4.1
197 silly placeDep ROOT parseurl@1.3.3 OK for: express@4.22.2 want: ~1.3.3
198 silly placeDep ROOT path-to-regexp@0.1.13 OK for: express@4.22.2 want: ~0.1.12
199 silly placeDep ROOT proxy-addr@2.0.7 OK for: express@4.22.2 want: ~2.0.7
200 silly placeDep ROOT qs@6.15.2 OK for: express@4.22.2 want: ~6.15.1
201 silly placeDep ROOT range-parser@1.2.1 OK for: express@4.22.2 want: ~1.2.1
202 silly placeDep ROOT safe-buffer@5.2.1 OK for: express@4.22.2 want: 5.2.1
203 silly placeDep ROOT send@0.19.2 OK for: express@4.22.2 want: ~0.19.0
204 silly placeDep ROOT serve-static@1.16.3 OK for: express@4.22.2 want: ~1.16.2
205 silly placeDep ROOT setprototypeof@1.2.0 OK for: express@4.22.2 want: 1.2.0
206 silly placeDep ROOT statuses@2.0.2 OK for: express@4.22.2 want: ~2.0.1
207 silly placeDep ROOT type-is@1.6.18 OK for: express@4.22.2 want: ~1.6.18
208 silly placeDep ROOT utils-merge@1.0.1 OK for: express@4.22.2 want: 1.0.1
209 silly fetch manifest mime-types@~2.1.34
210 silly packumentCache full:https://registry.npmjs.org/mime-types cache-miss
211 silly fetch manifest negotiator@0.6.3
212 silly packumentCache full:https://registry.npmjs.org/negotiator cache-miss
213 silly fetch manifest bytes@~3.1.2
214 silly packumentCache full:https://registry.npmjs.org/bytes cache-miss
215 http fetch GET 200 https://registry.npmjs.org/bytes 29ms (cache miss)
216 silly packumentCache full:https://registry.npmjs.org/bytes set size:undefined disposed:false
217 silly fetch manifest content-type@~1.0.5
218 silly packumentCache full:https://registry.npmjs.org/content-type cache-miss
219 http fetch GET 200 https://registry.npmjs.org/content-type 9ms (cache hit)
220 silly packumentCache full:https://registry.npmjs.org/content-type set size:18994 disposed:false
221 silly fetch manifest destroy@~1.2.0
222 silly packumentCache full:https://registry.npmjs.org/destroy cache-miss
223 http fetch GET 200 https://registry.npmjs.org/negotiator 52ms (cache miss)
224 silly packumentCache full:https://registry.npmjs.org/negotiator set size:undefined disposed:false
225 silly fetch manifest http-errors@~2.0.1
226 silly packumentCache full:https://registry.npmjs.org/http-errors cache-miss
227 http fetch GET 200 https://registry.npmjs.org/mime-types 63ms (cache miss)
228 silly packumentCache full:https://registry.npmjs.org/mime-types set size:undefined disposed:false
229 silly fetch manifest iconv-lite@~0.4.24
230 silly packumentCache full:https://registry.npmjs.org/iconv-lite cache-miss
231 http fetch GET 200 https://registry.npmjs.org/http-errors 16ms (cache hit)
232 silly packumentCache full:https://registry.npmjs.org/http-errors set size:71987 disposed:false
233 silly fetch manifest raw-body@~2.5.3
234 silly packumentCache full:https://registry.npmjs.org/raw-body cache-miss
235 http fetch GET 200 https://registry.npmjs.org/destroy 34ms (cache miss)
236 silly packumentCache full:https://registry.npmjs.org/destroy set size:undefined disposed:false
237 silly fetch manifest unpipe@~1.0.0
238 silly packumentCache full:https://registry.npmjs.org/unpipe cache-miss
239 http fetch GET 200 https://registry.npmjs.org/iconv-lite 29ms (cache miss)
240 silly packumentCache full:https://registry.npmjs.org/iconv-lite set size:undefined disposed:false
241 silly fetch manifest ms@2.0.0
242 silly packumentCache full:https://registry.npmjs.org/ms cache-miss
243 http fetch GET 200 https://registry.npmjs.org/unpipe 24ms (cache miss)
244 silly packumentCache full:https://registry.npmjs.org/unpipe set size:undefined disposed:false
245 silly fetch manifest statuses@~2.0.2
246 silly packumentCache full:https://registry.npmjs.org/statuses cache-miss
247 http fetch GET 200 https://registry.npmjs.org/statuses 2ms (cache hit)
248 silly packumentCache full:https://registry.npmjs.org/statuses set size:37117 disposed:false
249 silly fetch manifest inherits@~2.0.4
250 silly packumentCache full:https://registry.npmjs.org/inherits cache-miss
251 http fetch GET 200 https://registry.npmjs.org/raw-body 38ms (cache miss)
252 silly packumentCache full:https://registry.npmjs.org/raw-body set size:undefined disposed:false
253 silly fetch manifest setprototypeof@~1.2.0
254 silly packumentCache full:https://registry.npmjs.org/setprototypeof cache-miss
255 http fetch GET 200 https://registry.npmjs.org/setprototypeof 3ms (cache hit)
256 silly packumentCache full:https://registry.npmjs.org/setprototypeof set size:14532 disposed:false
257 silly fetch manifest toidentifier@~1.0.1
258 silly packumentCache full:https://registry.npmjs.org/toidentifier cache-miss
259 http fetch GET 200 https://registry.npmjs.org/inherits 27ms (cache miss)
260 silly packumentCache full:https://registry.npmjs.org/inherits set size:undefined disposed:false
261 silly fetch manifest ee-first@1.1.1
262 silly packumentCache full:https://registry.npmjs.org/ee-first cache-miss
263 http fetch GET 200 https://registry.npmjs.org/ms 40ms (cache miss)
264 silly packumentCache full:https://registry.npmjs.org/ms set size:undefined disposed:false
265 silly fetch manifest forwarded@0.2.0
266 silly packumentCache full:https://registry.npmjs.org/forwarded cache-miss
267 http fetch GET 200 https://registry.npmjs.org/toidentifier 32ms (cache miss)
268 silly packumentCache full:https://registry.npmjs.org/toidentifier set size:undefined disposed:false
269 silly fetch manifest ipaddr.js@1.9.1
270 silly packumentCache full:https://registry.npmjs.org/ipaddr.js cache-miss
271 http fetch GET 200 https://registry.npmjs.org/ee-first 24ms (cache miss)
272 silly packumentCache full:https://registry.npmjs.org/ee-first set size:undefined disposed:false
273 silly fetch manifest side-channel@^1.1.0
274 silly packumentCache full:https://registry.npmjs.org/side-channel cache-miss
275 http fetch GET 200 https://registry.npmjs.org/forwarded 32ms (cache miss)
276 silly packumentCache full:https://registry.npmjs.org/forwarded set size:undefined disposed:false
277 silly fetch manifest ms@2.1.3
278 silly packumentCache full:https://registry.npmjs.org/ms cache-miss
279 http fetch GET 200 https://registry.npmjs.org/ms 4ms (cache hit)
280 silly packumentCache full:https://registry.npmjs.org/ms set size:92208 disposed:false
281 silly fetch manifest mime@1.6.0
282 silly packumentCache full:https://registry.npmjs.org/mime cache-miss
283 http fetch GET 200 https://registry.npmjs.org/side-channel 22ms (cache miss)
284 silly packumentCache full:https://registry.npmjs.org/side-channel set size:undefined disposed:false
285 silly fetch manifest destroy@1.2.0
286 silly packumentCache full:https://registry.npmjs.org/destroy cache-miss
287 http fetch GET 200 https://registry.npmjs.org/destroy 5ms (cache hit)
288 silly packumentCache full:https://registry.npmjs.org/destroy set size:15738 disposed:false
289 silly fetch manifest mime-types@~2.1.24
290 silly packumentCache full:https://registry.npmjs.org/mime-types cache-miss
291 http fetch GET 200 https://registry.npmjs.org/ipaddr.js 39ms (cache miss)
292 silly packumentCache full:https://registry.npmjs.org/ipaddr.js set size:undefined disposed:false
293 silly fetch manifest media-typer@0.3.0
294 silly packumentCache full:https://registry.npmjs.org/media-typer cache-miss
295 http fetch GET 200 https://registry.npmjs.org/mime-types 6ms (cache hit)
296 silly packumentCache full:https://registry.npmjs.org/mime-types set size:139110 disposed:false
297 http fetch GET 200 https://registry.npmjs.org/mime 36ms (cache miss)
298 silly packumentCache full:https://registry.npmjs.org/mime set size:undefined disposed:false
299 http fetch GET 200 https://registry.npmjs.org/media-typer 26ms (cache miss)
300 silly packumentCache full:https://registry.npmjs.org/media-typer set size:undefined disposed:false
301 silly placeDep ROOT mime-types@2.1.35 OK for: accepts@1.3.8 want: ~2.1.34
302 silly placeDep ROOT negotiator@0.6.3 OK for: accepts@1.3.8 want: 0.6.3
303 silly fetch manifest mime-db@1.52.0
304 silly packumentCache full:https://registry.npmjs.org/mime-db cache-miss
305 http fetch GET 200 https://registry.npmjs.org/mime-db 42ms (cache miss)
306 silly packumentCache full:https://registry.npmjs.org/mime-db set size:undefined disposed:false
307 silly placeDep ROOT bytes@3.1.2 OK for: body-parser@1.20.5 want: ~3.1.2
308 silly placeDep ROOT destroy@1.2.0 OK for: body-parser@1.20.5 want: ~1.2.0
309 silly placeDep ROOT iconv-lite@0.4.24 OK for: body-parser@1.20.5 want: ~0.4.24
310 silly placeDep ROOT raw-body@2.5.3 OK for: body-parser@1.20.5 want: ~2.5.3
311 silly placeDep ROOT unpipe@1.0.0 OK for: body-parser@1.20.5 want: ~1.0.0
312 silly fetch manifest safer-buffer@>= 2.1.2 < 3
313 silly packumentCache full:https://registry.npmjs.org/safer-buffer cache-miss
314 http fetch GET 200 https://registry.npmjs.org/safer-buffer 35ms (cache miss)
315 silly packumentCache full:https://registry.npmjs.org/safer-buffer set size:undefined disposed:false
316 silly placeDep ROOT ms@2.0.0 OK for: debug@2.6.9 want: 2.0.0
317 silly placeDep ROOT inherits@2.0.4 OK for: http-errors@2.0.1 want: ~2.0.4
318 silly placeDep ROOT toidentifier@1.0.1 OK for: http-errors@2.0.1 want: ~1.0.1
319 silly placeDep ROOT safer-buffer@2.1.2 OK for: iconv-lite@0.4.24 want: >= 2.1.2 < 3
320 silly placeDep ROOT mime-db@1.52.0 OK for: mime-types@2.1.35 want: 1.52.0
321 silly placeDep ROOT ee-first@1.1.1 OK for: on-finished@2.4.1 want: 1.1.1
322 silly placeDep ROOT forwarded@0.2.0 OK for: proxy-addr@2.0.7 want: 0.2.0
323 silly placeDep ROOT ipaddr.js@1.9.1 OK for: proxy-addr@2.0.7 want: 1.9.1
324 silly placeDep ROOT side-channel@1.1.1 OK for: qs@6.15.2 want: ^1.1.0
325 silly fetch manifest es-errors@^1.3.0
326 silly packumentCache full:https://registry.npmjs.org/es-errors cache-miss
327 silly fetch manifest object-inspect@^1.13.4
328 silly packumentCache full:https://registry.npmjs.org/object-inspect cache-miss
329 silly fetch manifest side-channel-list@^1.0.1
330 silly packumentCache full:https://registry.npmjs.org/side-channel-list cache-miss
331 http fetch GET 200 https://registry.npmjs.org/es-errors 24ms (cache miss)
332 silly packumentCache full:https://registry.npmjs.org/es-errors set size:undefined disposed:false
333 silly fetch manifest side-channel-map@^1.0.1
334 silly packumentCache full:https://registry.npmjs.org/side-channel-map cache-miss
335 http fetch GET 200 https://registry.npmjs.org/side-channel-list 31ms (cache miss)
336 silly packumentCache full:https://registry.npmjs.org/side-channel-list set size:undefined disposed:false
337 silly fetch manifest side-channel-weakmap@^1.0.2
338 silly packumentCache full:https://registry.npmjs.org/side-channel-weakmap cache-miss
339 http fetch GET 200 https://registry.npmjs.org/object-inspect 40ms (cache miss)
340 silly packumentCache full:https://registry.npmjs.org/object-inspect set size:undefined disposed:false
341 http fetch GET 200 https://registry.npmjs.org/side-channel-map 23ms (cache miss)
342 silly packumentCache full:https://registry.npmjs.org/side-channel-map set size:undefined disposed:false
343 http fetch GET 200 https://registry.npmjs.org/side-channel-weakmap 32ms (cache miss)
344 silly packumentCache full:https://registry.npmjs.org/side-channel-weakmap set size:undefined disposed:false
345 silly placeDep ROOT mime@1.6.0 OK for: send@0.19.2 want: 1.6.0
346 silly placeDep node_modules/send ms@2.1.3 OK for: send@0.19.2 want: 2.1.3
347 silly placeDep ROOT es-errors@1.3.0 OK for: side-channel@1.1.1 want: ^1.3.0
348 silly placeDep ROOT object-inspect@1.13.4 OK for: side-channel@1.1.1 want: ^1.13.4
349 silly placeDep ROOT side-channel-list@1.0.1 OK for: side-channel@1.1.1 want: ^1.0.1
350 silly placeDep ROOT side-channel-map@1.0.1 OK for: side-channel@1.1.1 want: ^1.0.1
351 silly placeDep ROOT side-channel-weakmap@1.0.2 OK for: side-channel@1.1.1 want: ^1.0.2
352 silly fetch manifest call-bound@^1.0.2
353 silly packumentCache full:https://registry.npmjs.org/call-bound cache-miss
354 silly fetch manifest get-intrinsic@^1.2.5
355 silly packumentCache full:https://registry.npmjs.org/get-intrinsic cache-miss
356 silly fetch manifest call-bound@^1.0.2
357 silly packumentCache full:https://registry.npmjs.org/call-bound cache-miss
358 http fetch GET 200 https://registry.npmjs.org/call-bound 41ms (cache miss)
359 silly packumentCache full:https://registry.npmjs.org/call-bound set size:undefined disposed:false
360 silly fetch manifest get-intrinsic@^1.2.5
361 silly packumentCache full:https://registry.npmjs.org/get-intrinsic cache-miss
362 http fetch GET 200 https://registry.npmjs.org/call-bound 42ms (cache miss)
363 silly packumentCache full:https://registry.npmjs.org/call-bound set size:undefined disposed:false
364 http fetch GET 200 https://registry.npmjs.org/get-intrinsic 43ms (cache miss)
365 silly packumentCache full:https://registry.npmjs.org/get-intrinsic set size:undefined disposed:false
366 http fetch GET 200 https://registry.npmjs.org/get-intrinsic 24ms (cache miss)
367 silly packumentCache full:https://registry.npmjs.org/get-intrinsic set size:undefined disposed:false
368 silly placeDep ROOT call-bound@1.0.4 OK for: side-channel-map@1.0.1 want: ^1.0.2
369 silly placeDep ROOT get-intrinsic@1.3.0 OK for: side-channel-map@1.0.1 want: ^1.2.5
370 silly fetch manifest call-bind-apply-helpers@^1.0.2
371 silly packumentCache full:https://registry.npmjs.org/call-bind-apply-helpers cache-miss
372 silly fetch manifest get-intrinsic@^1.3.0
373 silly packumentCache full:https://registry.npmjs.org/get-intrinsic cache-miss
374 silly fetch manifest gopd@^1.2.0
375 silly packumentCache full:https://registry.npmjs.org/gopd cache-miss
376 http fetch GET 200 https://registry.npmjs.org/get-intrinsic 7ms (cache hit)
377 silly packumentCache full:https://registry.npmjs.org/get-intrinsic set size:60985 disposed:false
378 silly fetch manifest hasown@^2.0.2
379 silly packumentCache full:https://registry.npmjs.org/hasown cache-miss
380 http fetch GET 200 https://registry.npmjs.org/hasown 21ms (cache miss)
381 silly packumentCache full:https://registry.npmjs.org/hasown set size:undefined disposed:false
382 silly fetch manifest get-proto@^1.0.1
383 silly packumentCache full:https://registry.npmjs.org/get-proto cache-miss
384 http fetch GET 200 https://registry.npmjs.org/gopd 42ms (cache miss)
385 silly packumentCache full:https://registry.npmjs.org/gopd set size:undefined disposed:false
386 silly fetch manifest has-symbols@^1.1.0
387 silly packumentCache full:https://registry.npmjs.org/has-symbols cache-miss
388 http fetch GET 200 https://registry.npmjs.org/call-bind-apply-helpers 45ms (cache miss)
389 silly packumentCache full:https://registry.npmjs.org/call-bind-apply-helpers set size:undefined disposed:false
390 silly fetch manifest function-bind@^1.1.2
391 silly packumentCache full:https://registry.npmjs.org/function-bind cache-miss
392 http fetch GET 200 https://registry.npmjs.org/get-proto 27ms (cache miss)
393 silly packumentCache full:https://registry.npmjs.org/get-proto set size:undefined disposed:false
394 silly fetch manifest es-object-atoms@^1.1.1
395 silly packumentCache full:https://registry.npmjs.org/es-object-atoms cache-miss
396 http fetch GET 200 https://registry.npmjs.org/function-bind 37ms (cache miss)
397 silly packumentCache full:https://registry.npmjs.org/function-bind set size:undefined disposed:false
398 silly fetch manifest math-intrinsics@^1.1.0
399 silly packumentCache full:https://registry.npmjs.org/math-intrinsics cache-miss
400 http fetch GET 200 https://registry.npmjs.org/es-object-atoms 29ms (cache miss)
401 silly packumentCache full:https://registry.npmjs.org/es-object-atoms set size:undefined disposed:false
402 silly fetch manifest es-define-property@^1.0.1
403 silly packumentCache full:https://registry.npmjs.org/es-define-property cache-miss
404 http fetch GET 200 https://registry.npmjs.org/has-symbols 49ms (cache miss)
405 silly packumentCache full:https://registry.npmjs.org/has-symbols set size:undefined disposed:false
406 http fetch GET 200 https://registry.npmjs.org/math-intrinsics 25ms (cache miss)
407 silly packumentCache full:https://registry.npmjs.org/math-intrinsics set size:undefined disposed:false
408 http fetch GET 200 https://registry.npmjs.org/es-define-property 36ms (cache miss)
409 silly packumentCache full:https://registry.npmjs.org/es-define-property set size:undefined disposed:false
410 silly placeDep ROOT call-bind-apply-helpers@1.0.2 OK for: call-bound@1.0.4 want: ^1.0.2
411 silly placeDep ROOT function-bind@1.1.2 OK for: call-bind-apply-helpers@1.0.2 want: ^1.1.2
412 silly placeDep ROOT es-define-property@1.0.1 OK for: get-intrinsic@1.3.0 want: ^1.0.1
413 silly placeDep ROOT es-object-atoms@1.1.2 OK for: get-intrinsic@1.3.0 want: ^1.1.1
414 silly placeDep ROOT get-proto@1.0.1 OK for: get-intrinsic@1.3.0 want: ^1.0.1
415 silly placeDep ROOT gopd@1.2.0 OK for: get-intrinsic@1.3.0 want: ^1.2.0
416 silly placeDep ROOT has-symbols@1.1.0 OK for: get-intrinsic@1.3.0 want: ^1.1.0
417 silly placeDep ROOT hasown@2.0.4 OK for: get-intrinsic@1.3.0 want: ^2.0.2
418 silly placeDep ROOT math-intrinsics@1.1.0 OK for: get-intrinsic@1.3.0 want: ^1.1.0
419 silly fetch manifest dunder-proto@^1.0.1
420 silly packumentCache full:https://registry.npmjs.org/dunder-proto cache-miss
421 http fetch GET 200 https://registry.npmjs.org/dunder-proto 41ms (cache miss)
422 silly packumentCache full:https://registry.npmjs.org/dunder-proto set size:undefined disposed:false
423 silly placeDep ROOT dunder-proto@1.0.1 OK for: get-proto@1.0.1 want: ^1.0.1
424 silly placeDep ROOT media-typer@0.3.0 OK for: type-is@1.6.18 want: 0.3.0
425 silly reify moves {}
426 silly audit bulk request {
426 silly audit   'omniagent-vps-gateway': [ '2.0.0' ],
426 silly audit   '@google/generative-ai': [ '0.21.0' ],
426 silly audit   cors: [ '2.8.6' ],
426 silly audit   dotenv: [ '16.6.1' ],
426 silly audit   express: [ '4.22.2' ],
426 silly audit   'express-rate-limit': [ '7.5.1' ],
426 silly audit   helmet: [ '7.2.0' ],
426 silly audit   'object-assign': [ '4.1.1' ],
426 silly audit   vary: [ '1.1.2' ],
426 silly audit   accepts: [ '1.3.8' ],
426 silly audit   'array-flatten': [ '1.1.1' ],
426 silly audit   'body-parser': [ '1.20.5' ],
426 silly audit   'content-disposition': [ '0.5.4' ],
426 silly audit   'content-type': [ '1.0.5' ],
426 silly audit   cookie: [ '0.7.2' ],
426 silly audit   'cookie-signature': [ '1.0.7' ],
426 silly audit   debug: [ '2.6.9' ],
426 silly audit   depd: [ '2.0.0' ],
426 silly audit   encodeurl: [ '2.0.0' ],
426 silly audit   'escape-html': [ '1.0.3' ],
426 silly audit   etag: [ '1.8.1' ],
426 silly audit   finalhandler: [ '1.3.2' ],
426 silly audit   fresh: [ '0.5.2' ],
426 silly audit   'http-errors': [ '2.0.1' ],
426 silly audit   'merge-descriptors': [ '1.0.3' ],
426 silly audit   methods: [ '1.1.2' ],
426 silly audit   'on-finished': [ '2.4.1' ],
426 silly audit   parseurl: [ '1.3.3' ],
426 silly audit   'path-to-regexp': [ '0.1.13' ],
426 silly audit   'proxy-addr': [ '2.0.7' ],
426 silly audit   qs: [ '6.15.2' ],
426 silly audit   'range-parser': [ '1.2.1' ],
426 silly audit   'safe-buffer': [ '5.2.1' ],
426 silly audit   send: [ '0.19.2' ],
426 silly audit   'serve-static': [ '1.16.3' ],
426 silly audit   setprototypeof: [ '1.2.0' ],
426 silly audit   statuses: [ '2.0.2' ],
426 silly audit   'type-is': [ '1.6.18' ],
426 silly audit   'utils-merge': [ '1.0.1' ],
426 silly audit   'mime-types': [ '2.1.35' ],
426 silly audit   negotiator: [ '0.6.3' ],
426 silly audit   bytes: [ '3.1.2' ],
426 silly audit   destroy: [ '1.2.0' ],
426 silly audit   'iconv-lite': [ '0.4.24' ],
426 silly audit   'raw-body': [ '2.5.3' ],
426 silly audit   unpipe: [ '1.0.0' ],
426 silly audit   ms: [ '2.0.0', '2.1.3' ],
426 silly audit   inherits: [ '2.0.4' ],
426 silly audit   toidentifier: [ '1.0.1' ],
426 silly audit   'safer-buffer': [ '2.1.2' ],
426 silly audit   'mime-db': [ '1.52.0' ],
426 silly audit   'ee-first': [ '1.1.1' ],
426 silly audit   forwarded: [ '0.2.0' ],
426 silly audit   'ipaddr.js': [ '1.9.1' ],
426 silly audit   'side-channel': [ '1.1.1' ],
426 silly audit   mime: [ '1.6.0' ],
426 silly audit   'es-errors': [ '1.3.0' ],
426 silly audit   'object-inspect': [ '1.13.4' ],
426 silly audit   'side-channel-list': [ '1.0.1' ],
426 silly audit   'side-channel-map': [ '1.0.1' ],
426 silly audit   'side-channel-weakmap': [ '1.0.2' ],
426 silly audit   'call-bound': [ '1.0.4' ],
426 silly audit   'get-intrinsic': [ '1.3.0' ],
426 silly audit   'call-bind-apply-helpers': [ '1.0.2' ],
426 silly audit   'function-bind': [ '1.1.2' ],
426 silly audit   'es-define-property': [ '1.0.1' ],
426 silly audit   'es-object-atoms': [ '1.1.2' ],
426 silly audit   'get-proto': [ '1.0.1' ],
426 silly audit   gopd: [ '1.2.0' ],
426 silly audit   'has-symbols': [ '1.1.0' ],
426 silly audit   hasown: [ '2.0.4' ],
426 silly audit   'math-intrinsics': [ '1.1.0' ],
426 silly audit   'dunder-proto': [ '1.0.1' ],
426 silly audit   'media-typer': [ '0.3.0' ]
426 silly audit }
427 silly tarball no local data for dunder-proto@https://registry.npmjs.org/dunder-proto/-/dunder-proto-1.0.1.tgz. Extracting by manifest.
428 silly tarball no local data for media-typer@https://registry.npmjs.org/media-typer/-/media-typer-0.3.0.tgz. Extracting by manifest.
429 silly tarball no local data for math-intrinsics@https://registry.npmjs.org/math-intrinsics/-/math-intrinsics-1.1.0.tgz. Extracting by manifest.
430 silly tarball no local data for hasown@https://registry.npmjs.org/hasown/-/hasown-2.0.4.tgz. Extracting by manifest.
431 silly tarball no local data for has-symbols@https://registry.npmjs.org/has-symbols/-/has-symbols-1.1.0.tgz. Extracting by manifest.
432 silly tarball no local data for gopd@https://registry.npmjs.org/gopd/-/gopd-1.2.0.tgz. Extracting by manifest.
433 silly tarball no local data for get-proto@https://registry.npmjs.org/get-proto/-/get-proto-1.0.1.tgz. Extracting by manifest.
434 silly tarball no local data for es-define-property@https://registry.npmjs.org/es-define-property/-/es-define-property-1.0.1.tgz. Extracting by manifest.
435 silly tarball no local data for es-object-atoms@https://registry.npmjs.org/es-object-atoms/-/es-object-atoms-1.1.2.tgz. Extracting by manifest.
436 silly tarball no local data for function-bind@https://registry.npmjs.org/function-bind/-/function-bind-1.1.2.tgz. Extracting by manifest.
437 silly tarball no local data for call-bind-apply-helpers@https://registry.npmjs.org/call-bind-apply-helpers/-/call-bind-apply-helpers-1.0.2.tgz. Extracting by manifest.
438 silly tarball no local data for get-intrinsic@https://registry.npmjs.org/get-intrinsic/-/get-intrinsic-1.3.0.tgz. Extracting by manifest.
439 silly tarball no local data for call-bound@https://registry.npmjs.org/call-bound/-/call-bound-1.0.4.tgz. Extracting by manifest.
440 silly tarball no local data for side-channel-weakmap@https://registry.npmjs.org/side-channel-weakmap/-/side-channel-weakmap-1.0.2.tgz. Extracting by manifest.
441 silly tarball no local data for side-channel-map@https://registry.npmjs.org/side-channel-map/-/side-channel-map-1.0.1.tgz. Extracting by manifest.
442 silly tarball no local data for side-channel-list@https://registry.npmjs.org/side-channel-list/-/side-channel-list-1.0.1.tgz. Extracting by manifest.
443 silly tarball no local data for object-inspect@https://registry.npmjs.org/object-inspect/-/object-inspect-1.13.4.tgz. Extracting by manifest.
444 silly tarball no local data for es-errors@https://registry.npmjs.org/es-errors/-/es-errors-1.3.0.tgz. Extracting by manifest.
445 silly tarball no local data for mime@https://registry.npmjs.org/mime/-/mime-1.6.0.tgz. Extracting by manifest.
446 silly tarball no local data for side-channel@https://registry.npmjs.org/side-channel/-/side-channel-1.1.1.tgz. Extracting by manifest.
447 silly tarball no local data for ipaddr.js@https://registry.npmjs.org/ipaddr.js/-/ipaddr.js-1.9.1.tgz. Extracting by manifest.
448 silly tarball no local data for forwarded@https://registry.npmjs.org/forwarded/-/forwarded-0.2.0.tgz. Extracting by manifest.
449 silly tarball no local data for ee-first@https://registry.npmjs.org/ee-first/-/ee-first-1.1.1.tgz. Extracting by manifest.
450 silly tarball no local data for mime-db@https://registry.npmjs.org/mime-db/-/mime-db-1.52.0.tgz. Extracting by manifest.
451 silly tarball no local data for safer-buffer@https://registry.npmjs.org/safer-buffer/-/safer-buffer-2.1.2.tgz. Extracting by manifest.
452 silly tarball no local data for toidentifier@https://registry.npmjs.org/toidentifier/-/toidentifier-1.0.1.tgz. Extracting by manifest.
453 silly tarball no local data for inherits@https://registry.npmjs.org/inherits/-/inherits-2.0.4.tgz. Extracting by manifest.
454 silly tarball no local data for unpipe@https://registry.npmjs.org/unpipe/-/unpipe-1.0.0.tgz. Extracting by manifest.
455 silly tarball no local data for raw-body@https://registry.npmjs.org/raw-body/-/raw-body-2.5.3.tgz. Extracting by manifest.
456 silly tarball no local data for iconv-lite@https://registry.npmjs.org/iconv-lite/-/iconv-lite-0.4.24.tgz. Extracting by manifest.
457 silly tarball no local data for destroy@https://registry.npmjs.org/destroy/-/destroy-1.2.0.tgz. Extracting by manifest.
458 silly tarball no local data for bytes@https://registry.npmjs.org/bytes/-/bytes-3.1.2.tgz. Extracting by manifest.
459 silly tarball no local data for negotiator@https://registry.npmjs.org/negotiator/-/negotiator-0.6.3.tgz. Extracting by manifest.
460 silly tarball no local data for mime-types@https://registry.npmjs.org/mime-types/-/mime-types-2.1.35.tgz. Extracting by manifest.
461 silly tarball no local data for utils-merge@https://registry.npmjs.org/utils-merge/-/utils-merge-1.0.1.tgz. Extracting by manifest.
462 silly tarball no local data for type-is@https://registry.npmjs.org/type-is/-/type-is-1.6.18.tgz. Extracting by manifest.
463 silly tarball no local data for statuses@https://registry.npmjs.org/statuses/-/statuses-2.0.2.tgz. Extracting by manifest.
464 silly tarball no local data for setprototypeof@https://registry.npmjs.org/setprototypeof/-/setprototypeof-1.2.0.tgz. Extracting by manifest.
465 silly tarball no local data for send@https://registry.npmjs.org/send/-/send-0.19.2.tgz. Extracting by manifest.
466 silly tarball no local data for serve-static@https://registry.npmjs.org/serve-static/-/serve-static-1.16.3.tgz. Extracting by manifest.
467 silly tarball no local data for safe-buffer@https://registry.npmjs.org/safe-buffer/-/safe-buffer-5.2.1.tgz. Extracting by manifest.
468 silly tarball no local data for range-parser@https://registry.npmjs.org/range-parser/-/range-parser-1.2.1.tgz. Extracting by manifest.
469 silly tarball no local data for qs@https://registry.npmjs.org/qs/-/qs-6.15.2.tgz. Extracting by manifest.
470 silly tarball no local data for proxy-addr@https://registry.npmjs.org/proxy-addr/-/proxy-addr-2.0.7.tgz. Extracting by manifest.
471 silly tarball no local data for path-to-regexp@https://registry.npmjs.org/path-to-regexp/-/path-to-regexp-0.1.13.tgz. Extracting by manifest.
472 silly tarball no local data for parseurl@https://registry.npmjs.org/parseurl/-/parseurl-1.3.3.tgz. Extracting by manifest.
473 silly tarball no local data for methods@https://registry.npmjs.org/methods/-/methods-1.1.2.tgz. Extracting by manifest.
474 silly tarball no local data for on-finished@https://registry.npmjs.org/on-finished/-/on-finished-2.4.1.tgz. Extracting by manifest.
475 silly tarball no local data for merge-descriptors@https://registry.npmjs.org/merge-descriptors/-/merge-descriptors-1.0.3.tgz. Extracting by manifest.
476 silly tarball no local data for http-errors@https://registry.npmjs.org/http-errors/-/http-errors-2.0.1.tgz. Extracting by manifest.
477 silly tarball no local data for fresh@https://registry.npmjs.org/fresh/-/fresh-0.5.2.tgz. Extracting by manifest.
478 silly tarball no local data for finalhandler@https://registry.npmjs.org/finalhandler/-/finalhandler-1.3.2.tgz. Extracting by manifest.
479 silly tarball no local data for etag@https://registry.npmjs.org/etag/-/etag-1.8.1.tgz. Extracting by manifest.
480 silly tarball no local data for escape-html@https://registry.npmjs.org/escape-html/-/escape-html-1.0.3.tgz. Extracting by manifest.
481 silly tarball no local data for encodeurl@https://registry.npmjs.org/encodeurl/-/encodeurl-2.0.0.tgz. Extracting by manifest.
482 silly tarball no local data for depd@https://registry.npmjs.org/depd/-/depd-2.0.0.tgz. Extracting by manifest.
483 silly tarball no local data for debug@https://registry.npmjs.org/debug/-/debug-2.6.9.tgz. Extracting by manifest.
484 silly tarball no local data for cookie-signature@https://registry.npmjs.org/cookie-signature/-/cookie-signature-1.0.7.tgz. Extracting by manifest.
485 silly tarball no local data for cookie@https://registry.npmjs.org/cookie/-/cookie-0.7.2.tgz. Extracting by manifest.
486 silly tarball no local data for content-type@https://registry.npmjs.org/content-type/-/content-type-1.0.5.tgz. Extracting by manifest.
487 silly tarball no local data for content-disposition@https://registry.npmjs.org/content-disposition/-/content-disposition-0.5.4.tgz. Extracting by manifest.
488 silly tarball no local data for body-parser@https://registry.npmjs.org/body-parser/-/body-parser-1.20.5.tgz. Extracting by manifest.
489 silly tarball no local data for array-flatten@https://registry.npmjs.org/array-flatten/-/array-flatten-1.1.1.tgz. Extracting by manifest.
490 silly tarball no local data for accepts@https://registry.npmjs.org/accepts/-/accepts-1.3.8.tgz. Extracting by manifest.
491 silly tarball no local data for vary@https://registry.npmjs.org/vary/-/vary-1.1.2.tgz. Extracting by manifest.
492 silly tarball no local data for object-assign@https://registry.npmjs.org/object-assign/-/object-assign-4.1.1.tgz. Extracting by manifest.
493 silly tarball no local data for helmet@https://registry.npmjs.org/helmet/-/helmet-7.2.0.tgz. Extracting by manifest.
494 silly tarball no local data for express-rate-limit@https://registry.npmjs.org/express-rate-limit/-/express-rate-limit-7.5.1.tgz. Extracting by manifest.
495 silly tarball no local data for express@https://registry.npmjs.org/express/-/express-4.22.2.tgz. Extracting by manifest.
496 silly tarball no local data for dotenv@https://registry.npmjs.org/dotenv/-/dotenv-16.6.1.tgz. Extracting by manifest.
497 silly tarball no local data for cors@https://registry.npmjs.org/cors/-/cors-2.8.6.tgz. Extracting by manifest.
498 silly tarball no local data for @google/generative-ai@https://registry.npmjs.org/@google/generative-ai/-/generative-ai-0.21.0.tgz. Extracting by manifest.
499 silly tarball no local data for ms@https://registry.npmjs.org/ms/-/ms-2.1.3.tgz. Extracting by manifest.
500 silly tarball no local data for ms@https://registry.npmjs.org/ms/-/ms-2.0.0.tgz. Extracting by manifest.
501 http fetch POST 200 https://registry.npmjs.org/-/npm/v1/security/advisories/bulk 249ms
502 silly audit report {}
503 http fetch GET 200 https://registry.npmjs.org/media-typer/-/media-typer-0.3.0.tgz 481ms (cache miss)
504 http fetch GET 200 https://registry.npmjs.org/dunder-proto/-/dunder-proto-1.0.1.tgz 482ms (cache miss)
505 http fetch GET 200 https://registry.npmjs.org/side-channel-list/-/side-channel-list-1.0.1.tgz 511ms (cache miss)
506 http fetch GET 200 https://registry.npmjs.org/side-channel-map/-/side-channel-map-1.0.1.tgz 522ms (cache miss)
507 http fetch GET 200 https://registry.npmjs.org/get-proto/-/get-proto-1.0.1.tgz 560ms (cache miss)
508 http fetch GET 200 https://registry.npmjs.org/es-errors/-/es-errors-1.3.0.tgz 559ms (cache miss)
509 http fetch GET 200 https://registry.npmjs.org/mime/-/mime-1.6.0.tgz 565ms (cache miss)
510 http fetch GET 200 https://registry.npmjs.org/forwarded/-/forwarded-0.2.0.tgz 564ms (cache miss)
511 http fetch GET 200 https://registry.npmjs.org/raw-body/-/raw-body-2.5.3.tgz 554ms (cache miss)
512 http fetch GET 200 https://registry.npmjs.org/destroy/-/destroy-1.2.0.tgz 552ms (cache miss)
513 http fetch GET 200 https://registry.npmjs.org/hasown/-/hasown-2.0.4.tgz 584ms (cache miss)
514 http fetch GET 200 https://registry.npmjs.org/gopd/-/gopd-1.2.0.tgz 584ms (cache miss)
515 http fetch GET 200 https://registry.npmjs.org/toidentifier/-/toidentifier-1.0.1.tgz 564ms (cache miss)
516 http fetch GET 200 https://registry.npmjs.org/es-define-property/-/es-define-property-1.0.1.tgz 588ms (cache miss)
517 http fetch GET 200 https://registry.npmjs.org/ee-first/-/ee-first-1.1.1.tgz 577ms (cache miss)
518 http fetch GET 200 https://registry.npmjs.org/inherits/-/inherits-2.0.4.tgz 568ms (cache miss)
519 http fetch GET 200 https://registry.npmjs.org/setprototypeof/-/setprototypeof-1.2.0.tgz 561ms (cache miss)
520 http fetch GET 200 https://registry.npmjs.org/range-parser/-/range-parser-1.2.1.tgz 559ms (cache miss)
521 http fetch GET 200 https://registry.npmjs.org/unpipe/-/unpipe-1.0.0.tgz 574ms (cache miss)
522 http fetch GET 200 https://registry.npmjs.org/utils-merge/-/utils-merge-1.0.1.tgz 570ms (cache miss)
523 http fetch GET 200 https://registry.npmjs.org/encodeurl/-/encodeurl-2.0.0.tgz 555ms (cache miss)
524 http fetch GET 200 https://registry.npmjs.org/cookie-signature/-/cookie-signature-1.0.7.tgz 550ms (cache miss)
525 http fetch GET 200 https://registry.npmjs.org/side-channel-weakmap/-/side-channel-weakmap-1.0.2.tgz 596ms (cache miss)
526 http fetch GET 200 https://registry.npmjs.org/path-to-regexp/-/path-to-regexp-0.1.13.tgz 568ms (cache miss)
527 http fetch GET 200 https://registry.npmjs.org/methods/-/methods-1.1.2.tgz 567ms (cache miss)
528 http fetch GET 200 https://registry.npmjs.org/merge-descriptors/-/merge-descriptors-1.0.3.tgz 566ms (cache miss)
529 http fetch GET 200 https://registry.npmjs.org/escape-html/-/escape-html-1.0.3.tgz 562ms (cache miss)
530 http fetch GET 200 https://registry.npmjs.org/es-object-atoms/-/es-object-atoms-1.1.2.tgz 605ms (cache miss)
531 http fetch GET 200 https://registry.npmjs.org/bytes/-/bytes-3.1.2.tgz 582ms (cache miss)
532 http fetch GET 200 https://registry.npmjs.org/proxy-addr/-/proxy-addr-2.0.7.tgz 574ms (cache miss)
533 http fetch GET 200 https://registry.npmjs.org/type-is/-/type-is-1.6.18.tgz 583ms (cache miss)
534 http fetch GET 200 https://registry.npmjs.org/mime-types/-/mime-types-2.1.35.tgz 585ms (cache miss)
535 http fetch GET 200 https://registry.npmjs.org/on-finished/-/on-finished-2.4.1.tgz 575ms (cache miss)
536 http fetch GET 200 https://registry.npmjs.org/fresh/-/fresh-0.5.2.tgz 573ms (cache miss)
537 http fetch GET 200 https://registry.npmjs.org/accepts/-/accepts-1.3.8.tgz 560ms (cache miss)
538 http fetch GET 200 https://registry.npmjs.org/array-flatten/-/array-flatten-1.1.1.tgz 561ms (cache miss)
539 http fetch GET 200 https://registry.npmjs.org/ipaddr.js/-/ipaddr.js-1.9.1.tgz 605ms (cache miss)
540 http fetch GET 200 https://registry.npmjs.org/parseurl/-/parseurl-1.3.3.tgz 581ms (cache miss)
541 http fetch GET 200 https://registry.npmjs.org/http-errors/-/http-errors-2.0.1.tgz 578ms (cache miss)
542 http fetch GET 200 https://registry.npmjs.org/cors/-/cors-2.8.6.tgz 560ms (cache miss)
543 http fetch GET 200 https://registry.npmjs.org/call-bound/-/call-bound-1.0.4.tgz 615ms (cache miss)
544 http fetch GET 200 https://registry.npmjs.org/etag/-/etag-1.8.1.tgz 579ms (cache miss)
545 http fetch GET 200 https://registry.npmjs.org/finalhandler/-/finalhandler-1.3.2.tgz 581ms (cache miss)
546 http fetch GET 200 https://registry.npmjs.org/content-type/-/content-type-1.0.5.tgz 571ms (cache miss)
547 http fetch GET 200 https://registry.npmjs.org/content-disposition/-/content-disposition-0.5.4.tgz 571ms (cache miss)
548 http fetch GET 200 https://registry.npmjs.org/vary/-/vary-1.1.2.tgz 568ms (cache miss)
549 http fetch GET 200 https://registry.npmjs.org/ms/-/ms-2.0.0.tgz 563ms (cache miss)
550 http fetch GET 200 https://registry.npmjs.org/call-bind-apply-helpers/-/call-bind-apply-helpers-1.0.2.tgz 622ms (cache miss)
551 http fetch GET 200 https://registry.npmjs.org/statuses/-/statuses-2.0.2.tgz 596ms (cache miss)
552 http fetch GET 200 https://registry.npmjs.org/serve-static/-/serve-static-1.16.3.tgz 594ms (cache miss)
553 http fetch GET 200 https://registry.npmjs.org/object-assign/-/object-assign-4.1.1.tgz 573ms (cache miss)
554 http fetch GET 200 https://registry.npmjs.org/ms/-/ms-2.1.3.tgz 570ms (cache miss)
555 http fetch GET 200 https://registry.npmjs.org/dotenv/-/dotenv-16.6.1.tgz 576ms (cache miss)
556 http fetch GET 200 https://registry.npmjs.org/function-bind/-/function-bind-1.1.2.tgz 632ms (cache miss)
557 http fetch GET 200 https://registry.npmjs.org/safer-buffer/-/safer-buffer-2.1.2.tgz 620ms (cache miss)
558 http fetch GET 200 https://registry.npmjs.org/safe-buffer/-/safe-buffer-5.2.1.tgz 603ms (cache miss)
559 http fetch GET 200 https://registry.npmjs.org/debug/-/debug-2.6.9.tgz 588ms (cache miss)
560 http fetch GET 200 https://registry.npmjs.org/cookie/-/cookie-0.7.2.tgz 586ms (cache miss)
561 http fetch GET 200 https://registry.npmjs.org/side-channel/-/side-channel-1.1.1.tgz 627ms (cache miss)
562 http fetch GET 200 https://registry.npmjs.org/depd/-/depd-2.0.0.tgz 594ms (cache miss)
563 http fetch GET 200 https://registry.npmjs.org/send/-/send-0.19.2.tgz 609ms (cache miss)
564 http fetch GET 200 https://registry.npmjs.org/negotiator/-/negotiator-0.6.3.tgz 613ms (cache miss)
565 http fetch GET 200 https://registry.npmjs.org/has-symbols/-/has-symbols-1.1.0.tgz 643ms (cache miss)
566 http fetch GET 200 https://registry.npmjs.org/get-intrinsic/-/get-intrinsic-1.3.0.tgz 639ms (cache miss)
567 http fetch GET 200 https://registry.npmjs.org/mime-db/-/mime-db-1.52.0.tgz 638ms (cache miss)
568 http fetch GET 200 https://registry.npmjs.org/math-intrinsics/-/math-intrinsics-1.1.0.tgz 658ms (cache miss)
569 http fetch GET 200 https://registry.npmjs.org/object-inspect/-/object-inspect-1.13.4.tgz 649ms (cache miss)
570 http fetch GET 200 https://registry.npmjs.org/body-parser/-/body-parser-1.20.5.tgz 606ms (cache miss)
571 http fetch GET 200 https://registry.npmjs.org/helmet/-/helmet-7.2.0.tgz 604ms (cache miss)
572 http fetch GET 200 https://registry.npmjs.org/express-rate-limit/-/express-rate-limit-7.5.1.tgz 605ms (cache miss)
573 http fetch GET 200 https://registry.npmjs.org/qs/-/qs-6.15.2.tgz 629ms (cache miss)
574 http fetch GET 200 https://registry.npmjs.org/express/-/express-4.22.2.tgz 613ms (cache miss)
575 http fetch GET 200 https://registry.npmjs.org/iconv-lite/-/iconv-lite-0.4.24.tgz 666ms (cache miss)
576 http fetch GET 200 https://registry.npmjs.org/@google/generative-ai/-/generative-ai-0.21.0.tgz 656ms (cache miss)
577 silly ADD node_modules/media-typer
578 silly ADD node_modules/dunder-proto
579 silly ADD node_modules/math-intrinsics
580 silly ADD node_modules/hasown
581 silly ADD node_modules/has-symbols
582 silly ADD node_modules/gopd
583 silly ADD node_modules/get-proto
584 silly ADD node_modules/es-object-atoms
585 silly ADD node_modules/es-define-property
586 silly ADD node_modules/function-bind
587 silly ADD node_modules/call-bind-apply-helpers
588 silly ADD node_modules/get-intrinsic
589 silly ADD node_modules/call-bound
590 silly ADD node_modules/side-channel-weakmap
591 silly ADD node_modules/side-channel-map
592 silly ADD node_modules/side-channel-list
593 silly ADD node_modules/object-inspect
594 silly ADD node_modules/es-errors
595 silly ADD node_modules/mime
596 silly ADD node_modules/side-channel
597 silly ADD node_modules/ipaddr.js
598 silly ADD node_modules/forwarded
599 silly ADD node_modules/ee-first
600 silly ADD node_modules/mime-db
601 silly ADD node_modules/safer-buffer
602 silly ADD node_modules/toidentifier
603 silly ADD node_modules/inherits
604 silly ADD node_modules/ms
605 silly ADD node_modules/unpipe
606 silly ADD node_modules/raw-body
607 silly ADD node_modules/iconv-lite
608 silly ADD node_modules/destroy
609 silly ADD node_modules/bytes
610 silly ADD node_modules/negotiator
611 silly ADD node_modules/mime-types
612 silly ADD node_modules/utils-merge
613 silly ADD node_modules/type-is
614 silly ADD node_modules/statuses
615 silly ADD node_modules/setprototypeof
616 silly ADD node_modules/serve-static
617 silly ADD node_modules/send
618 silly ADD node_modules/send/node_modules/ms
619 silly ADD node_modules/safe-buffer
620 silly ADD node_modules/range-parser
621 silly ADD node_modules/qs
622 silly ADD node_modules/proxy-addr
623 silly ADD node_modules/path-to-regexp
624 silly ADD node_modules/parseurl
625 silly ADD node_modules/on-finished
626 silly ADD node_modules/methods
627 silly ADD node_modules/merge-descriptors
628 silly ADD node_modules/http-errors
629 silly ADD node_modules/fresh
630 silly ADD node_modules/finalhandler
631 silly ADD node_modules/etag
632 silly ADD node_modules/escape-html
633 silly ADD node_modules/encodeurl
634 silly ADD node_modules/depd
635 silly ADD node_modules/debug
636 silly ADD node_modules/cookie-signature
637 silly ADD node_modules/cookie
638 silly ADD node_modules/content-type
639 silly ADD node_modules/content-disposition
640 silly ADD node_modules/body-parser
641 silly ADD node_modules/array-flatten
642 silly ADD node_modules/accepts
643 silly ADD node_modules/vary
644 silly ADD node_modules/object-assign
645 silly ADD node_modules/helmet
646 silly ADD node_modules/express-rate-limit
647 silly ADD node_modules/express
648 silly ADD node_modules/dotenv
649 silly ADD node_modules/cors
650 silly ADD node_modules/@google/generative-ai
651 silly ADD node_modules/omniagent-vps-gateway
652 verbose cwd /home/ubuntu
653 verbose os Linux 6.17.0-1010-oracle
654 verbose node v20.20.2
655 verbose npm  v10.8.2
656 notice
656 notice New [31mmajor[39m version of npm available! [31m10.8.2[39m -> [34m11.16.0[39m
656 notice Changelog: [34mhttps://github.com/npm/cli/releases/tag/v11.16.0[39m
656 notice To update run: [4mnpm install -g npm@11.16.0[24m
656 notice  { force: true, [Symbol(proc-log.meta)]: true }
657 verbose exit 0
658 info ok
